livejournal,16,BFS,0.788684
livejournal,16,PR,3.85938
livejournal,16,SSSP,1.30906
livejournal,16,CC,1.22936
livejournal,16,1-HOP,4.50381
livejournal,16,2-HOP,7.69675
livejournal,16,LP,6.95718
livejournal,16,TC,126.781
uniform-24,16,BFS,6.42598
uniform-24,16,SSSP,6.50157
uniform-24,16,PR,28.9609
uniform-24,16,CC,8.19283
uniform-24,16,TC,168.441
uniform-24,16,LP,34.4954
uniform-24,16,1-HOP,0.602892
uniform-24,16,2-HOP,2.82262
uniform-24,16,Read,1.7195
orkut,16,LP,15.5817
orkut,16,TC,1823.08
orkut,16,BFS,1.86907
orkut,16,SSSP,2.03403
orkut,16,PR,7.91605
orkut,16,CC,2.31098
orkut,16,1-HOP,0.133624
orkut,16,2-HOP,2.92483
orkut,16,Read,1.19476