uniform-24,1,BFS,3.6723
uniform-24,1,PR,262.893
uniform-24,1,1-HOP,0.661953
uniform-24,1,2-HOP,27.7433
uniform-24,1,Read,18.4265
uniform-24,4,BFS,2.42767
uniform-24,4,PR,87.2954
uniform-24,4,1-HOP,0.511658
uniform-24,4,2-HOP,8.11245
uniform-24,4,Read,4.96545
uniform-24,8,BFS,2.76593
uniform-24,8,PR,42.039
uniform-24,8,1-HOP,0.573798
uniform-24,8,2-HOP,5.15638
uniform-24,8,Read,3.09143
uniform-24,12,BFS,2.64958
uniform-24,12,PR,35.6419
uniform-24,12,1-HOP,0.576395
uniform-24,12,2-HOP,3.94297
uniform-24,12,Read,2.5087
uniform-24,1,e,insert,100000,7.10962e+06
uniform-24,1,e,delete,100000,7.52174e+06
uniform-24,4,e,insert,100000,4.82644e+06
uniform-24,4,e,delete,100000,5.21067e+06
uniform-24,8,e,insert,100000,5.04331e+06
uniform-24,8,e,delete,100000,5.1675e+06
uniform-24,12,e,insert,100000,4.43092e+06
uniform-24,12,e,delete,100000,3.7198e+06
orkut,1,BFS,1.2655
orkut,1,PR,46.8692
orkut,1,1-HOP,0.191653
orkut,1,2-HOP,25.6883
orkut,1,Read,11.798
orkut,4,BFS,1.09492
orkut,4,PR,16.9006
orkut,4,1-HOP,0.127819
orkut,4,2-HOP,7.59215
orkut,4,Read,3.25002
orkut,8,BFS,1.11901
orkut,8,PR,9.3886
orkut,8,1-HOP,0.1404
orkut,8,2-HOP,5.05268
orkut,8,Read,2.75684
orkut,12,BFS,1.11722
orkut,12,PR,8.36979
orkut,12,1-HOP,0.133181
orkut,12,2-HOP,4.09847
orkut,12,Read,1.97163
orkut,1,e,insert,100000,7.84431e+06
orkut,1,e,delete,100000,8.53119e+06
orkut,4,e,insert,100000,3.86205e+06
orkut,4,e,delete,100000,4.15622e+06
orkut,8,e,insert,100000,3.20205e+06
orkut,8,e,delete,100000,3.53246e+06
orkut,12,e,insert,100000,2.25382e+06
orkut,12,e,delete,100000,3.41541e+06


graph_20_30,16,BFS,0.156808
graph_20_30,16,PR,4.02078
graph_20_30,16,1-HOP,0.046364
graph_20_30,16,2-HOP,2.14622
graph_20_30,16,Read,1.94626
graph_20_30,16,e,insert,100000,3.09796e+06
graph_20_30,16,e,delete,100000,2.39474e+06
graph_21_30,16,BFS,0.342263
graph_21_30,16,PR,10.2034
graph_21_30,16,1-HOP,0.102595
graph_21_30,16,2-HOP,5.6601
graph_21_30,16,Read,6.06779
graph_21_30,16,e,insert,100000,1.9986e+06
graph_21_30,16,e,delete,100000,2.87531e+06
graph_22_30,16,BFS,0.727703
graph_22_30,16,PR,21.539
graph_22_30,16,1-HOP,0.205055
graph_22_30,16,2-HOP,12.8125
graph_22_30,16,Read,13.6035
graph_22_30,16,e,insert,100000,2.8421e+06
graph_22_30,16,e,delete,100000,2.23088e+06
graph_23_30,16,BFS,1.66788
graph_23_30,16,PR,49.9962
graph_23_30,16,1-HOP,0.397816
graph_23_30,16,2-HOP,43.9004
graph_23_30,16,Read,45.721
graph_23_30,16,e,insert,100000,177822
graph_23_30,16,e,delete,100000,172105
graph_24_30,16,BFS,3.48043
graph_24_30,16,PR,121.823
graph_24_30,16,1-HOP,0.822147
graph_24_30,16,2-HOP,129.454
graph_24_30,16,Read,140.696
graph_24_30,16,e,insert,100000,235674
graph_24_30,16,e,delete,100000,246773
graph_23_10,16,BFS,0.727256
graph_23_10,16,PR,16.9624
graph_23_10,16,1-HOP,0.379337
graph_23_10,16,2-HOP,3.71763
graph_23_10,16,Read,4.34471
graph_23_10,16,e,insert,100000,2.99343e+06
graph_23_10,16,e,delete,100000,3.05807e+06
graph_23_20,16,BFS,1.3051
graph_23_20,16,PR,33.3003
graph_23_20,16,1-HOP,0.386078
graph_23_20,16,2-HOP,15.8601
graph_23_20,16,Read,17.6157
graph_23_20,16,e,insert,100000,217292
graph_23_20,16,e,delete,100000,312813
graph_23_30,16,BFS,1.6327
graph_23_30,16,PR,56.5694
graph_23_30,16,1-HOP,0.405098
graph_23_30,16,2-HOP,44.1334
graph_23_30,16,Read,46.1783
graph_23_30,16,e,insert,100000,185924
graph_23_30,16,e,delete,100000,201082
graph_23_40,16,BFS,1.80726
graph_23_40,16,PR,65.8431
graph_23_40,16,1-HOP,0.410756
graph_23_40,16,2-HOP,79.1567
graph_23_40,16,Read,87.9433
graph_23_40,16,e,insert,100000,306367
graph_23_40,16,e,delete,100000,304884
graph_23_50,16,BFS,1.97401
graph_23_50,16,PR,96.3251
graph_23_50,16,1-HOP,0.396498
graph_23_50,16,2-HOP,135.269
graph_23_50,16,Read,143.035
graph_23_50,16,e,insert,100000,259538
graph_23_50,16,e,delete,100000,243553
graph_23_60,16,BFS,2.17376
graph_23_60,16,PR,108.614
graph_23_60,16,1-HOP,0.404654
graph_23_60,16,2-HOP,184.709
graph_23_60,16,Read,203.392
graph_23_60,16,e,insert,100000,253503
graph_23_60,16,e,delete,100000,250733
graph_23_70,16,BFS,2.40535
graph_23_70,16,PR,132.674
graph_23_70,16,1-HOP,0.427718
graph_23_70,16,2-HOP,273.396
graph_23_70,16,Read,292.143
graph_23_70,16,e,insert,100000,828880
graph_23_70,16,e,delete,100000,983392
