uniform-24,16,1-HOP,0.9257
uniform-24,16,2-HOP,5.42639
uniform-24,16,Read,3.46056
uniform-24,16,BFS,0.250014
uniform-24,16,SSSP,5.48237
uniform-24,16,PR,28.882
uniform-24,16,CC,7.49414
uniform-24,16,TC,157.422
uniform-24,16,LP,32.8945
orkut,16,1-HOP,0.43513
orkut,16,2-HOP,7.50297
orkut,16,Read,2.50821
orkut,16,BFS,0.130041
orkut,16,SSSP,2.41142
orkut,16,PR,10.9373
orkut,16,CC,2.9581
orkut,16,TC,1621.29
orkut,16,LP,16.5778
livejournal,16,Read,0.175725
livejournal,16,1-HOP,0.171972
livejournal,16,2-HOP,0.966826
livejournal,16,BFS,0.291664
livejournal,16,SSSP,1.92791
livejournal,16,PR,6.43863
livejournal,16,CC,1.76897
livejournal,16,LP,8.08146
livejournal,16,TC,103.263
graph500-24,16,Read,1.80055
graph500-24,16,1-HOP,0.576723
graph500-24,16,2-HOP,158.341
graph500-24,16,BFS,0.493924
graph500-24,16,SSSP,4.35769
graph500-24,16,PR,21.9104
graph500-24,16,CC,5.941
graph500-24,16,LP,28.1074
