livejournal,16,e,insert,10,236967
livejournal,16,e,read,10,5.55556e+06
livejournal,16,e,delete,10,2.43902e+06
livejournal,16,e,insert,100,298329
livejournal,16,e,read,100,4.83092e+06
livejournal,16,e,delete,100,2.57732e+06
livejournal,16,e,insert,1000,351605
livejournal,16,e,read,1000,1.99164e+06
livejournal,16,e,delete,1000,1.28205e+06
livejournal,16,e,insert,10000,417641
livejournal,16,e,read,10000,1.53917e+06
livejournal,16,e,delete,10000,860844
livejournal,16,e,insert,100000,479519
livejournal,16,e,read,100000,1.29568e+06
livejournal,16,e,delete,100000,720743
livejournal,16,e,insert,1000000,435948
livejournal,16,e,read,1000000,922898
livejournal,16,e,delete,1000000,614033
livejournal,16,e,insert,10000000,274949
livejournal,16,e,read,10000000,397386
livejournal,16,e,delete,10000000,405643
uniform-24,16,e,insert,100000,227557
uniform-24,16,e,read,100000,545642
uniform-24,16,e,delete,100000,299004
graph500-24,16,e,insert,100000,334329
graph500-24,16,e,read,100000,902338
graph500-24,16,e,delete,100000,460699
livejournal,16,e,insert,100000,623302
livejournal,16,e,read,100000,1.20443e+06
livejournal,16,e,delete,100000,712487
livejournal,1,e,insert,100000,589966
livejournal,1,e,read,100000,1.182e+06
livejournal,1,e,delete,100000,691516
livejournal,16,e,insert,100000,624269
livejournal,16,e,read,100000,1.20567e+06
livejournal,16,e,delete,100000,701146
livejournal,16,e,insert,100000,609071
livejournal,16,e,read,100000,1.1566e+06
livejournal,16,e,delete,100000,683569
uniform-24,16,e,insert,100000,519888
uniform-24,16,e,read,100000,536386
uniform-24,16,e,delete,100000,286802
livejournal,16,e,insert,100000,3.87564e+06
livejournal,16,e,read,100000,1.21601e+06
livejournal,16,e,delete,100000,678293
livejournal,1,e,insert,100000,471561
livejournal,1,e,read,100000,1.17833e+06
livejournal,1,e,delete,100000,848617
uniform-24,16,e,insert,100000,2.14567e+06
uniform-24,16,e,read,100000,542608
uniform-24,16,e,delete,100000,283527
livejournal,8,e,insert,100000,2.6225e+06
livejournal,8,e,read,100000,1.18127e+06
livejournal,8,e,delete,100000,696407
uniform-24,1,e,insert,10,83752.1
uniform-24,1,e,delete,10,374532
uniform-24,1,e,insert,100,137033
uniform-24,1,e,delete,100,210062
uniform-24,1,e,insert,1000,157633
uniform-24,1,e,delete,1000,252337
uniform-24,1,e,insert,10000,236268
uniform-24,1,e,delete,10000,307830
uniform-24,1,e,insert,100000,275431
uniform-24,1,e,delete,100000,370979
uniform-24,1,e,insert,1000000,232736
uniform-24,1,e,delete,1000000,350395
uniform-24,1,e,insert,10000000,191829
uniform-24,1,e,delete,10000000,323681
orkut,1,e,insert,10,167084
orkut,1,e,delete,10,1.00503e+06
orkut,1,e,insert,100,185701
orkut,1,e,delete,100,799680
orkut,1,e,insert,1000,223501
orkut,1,e,delete,1000,426376
orkut,1,e,insert,10000,245572
orkut,1,e,delete,10000,381399
orkut,1,e,insert,100000,295795
orkut,1,e,delete,100000,368657
orkut,1,e,insert,1000000,439782
orkut,1,e,delete,1000000,342365
orkut,1,e,insert,10000000,770196
orkut,1,e,delete,10000000,250019
orkut,16,e,insert,10,52603.9
orkut,16,e,delete,10,220022
orkut,16,e,insert,100,245851
orkut,16,e,delete,100,220167
orkut,16,e,insert,1000,427817
orkut,16,e,delete,1000,196655
orkut,16,e,insert,10000,401023
orkut,16,e,delete,10000,201999
orkut,16,e,insert,100000,512600
orkut,16,e,delete,100000,196508
orkut,16,e,insert,1000000,752703
orkut,16,e,delete,1000000,187222
orkut,16,e,insert,10000000,1.29888e+06
orkut,16,e,delete,10000000,156639
uniform-24,16,e,insert,10,28864.2
uniform-24,16,e,delete,10,320513
uniform-24,16,e,insert,100,211618
uniform-24,16,e,delete,100,313283
uniform-24,16,e,insert,1000,463414
uniform-24,16,e,delete,1000,294390
uniform-24,16,e,insert,10000,385049
uniform-24,16,e,delete,10000,298462
uniform-24,16,e,insert,100000,504596
uniform-24,16,e,delete,100000,291233
uniform-24,16,e,insert,1000000,622338
uniform-24,16,e,delete,1000000,274714
uniform-24,16,e,insert,10000000,978056
uniform-24,16,e,delete,10000000,235718
orkut,16,e,insert,10,1570.85
orkut,16,e,delete,10,120482
orkut,16,e,insert,100,191205
orkut,16,e,delete,100,208768
orkut,16,e,insert,1000,290951
orkut,16,e,delete,1000,187758
orkut,16,e,insert,10000,433182
orkut,16,e,delete,10000,198000
orkut,16,e,insert,100000,478094
orkut,16,e,delete,100000,194390
orkut,16,e,insert,1000000,717402
orkut,16,e,delete,1000000,169451
orkut,16,e,insert,10000000,1.27163e+06
orkut,16,e,delete,10000000,141665
orkut,16,e,insert,10,249.016
orkut,16,e,delete,10,133333
orkut,16,e,insert,100,237530
orkut,16,e,delete,100,205761
orkut,16,e,insert,1000,370645
orkut,16,e,delete,1000,185391
orkut,16,e,insert,10000,431258
orkut,16,e,delete,10000,202528
orkut,16,e,insert,100000,515060
orkut,16,e,delete,100000,196600
orkut,16,e,insert,1000000,739633
orkut,16,e,delete,1000000,181689
orkut,16,e,insert,10000000,1.2351e+06
orkut,16,e,delete,10000000,141391
orkut,16,e,insert,10,414.972
orkut,16,e,delete,10,156250
orkut,16,e,insert,100,274725
orkut,16,e,delete,100,212766
orkut,16,e,insert,1000,421941
orkut,16,e,delete,1000,185014
orkut,16,e,insert,10000,449499
orkut,16,e,delete,10000,200610
orkut,16,e,insert,100000,519160
orkut,16,e,delete,100000,188288
orkut,16,e,insert,1000000,735769
orkut,16,e,delete,1000000,182254
orkut,16,e,insert,10000000,1.25446e+06
orkut,16,e,delete,10000000,138793
uniform-24,16,e,insert,10,197.937
uniform-24,16,e,delete,10,227273
uniform-24,16,e,insert,100,305810
uniform-24,16,e,delete,100,302115
uniform-24,16,e,insert,1000,455996
uniform-24,16,e,delete,1000,280426
uniform-24,16,e,insert,10000,485319
uniform-24,16,e,delete,10000,299985
uniform-24,16,e,insert,100000,519176
uniform-24,16,e,delete,100000,296000
uniform-24,16,e,insert,1000000,653790
uniform-24,16,e,delete,1000000,290428
uniform-24,16,e,insert,10000000,1.01292e+06
uniform-24,16,e,delete,10000000,224254
uniform-24,16,e,insert,10,411.709
uniform-24,16,e,delete,10,344828
uniform-24,16,e,insert,100,282486
uniform-24,16,e,delete,100,325733
uniform-24,16,e,insert,1000,455581
uniform-24,16,e,delete,1000,284091
uniform-24,16,e,insert,10000,499900
uniform-24,16,e,delete,10000,295360
uniform-24,16,e,insert,100000,533299
uniform-24,16,e,delete,100000,293713
uniform-24,16,e,insert,1000000,647108
uniform-24,16,e,delete,1000000,288252
uniform-24,16,e,insert,10000000,1.00219e+06
uniform-24,16,e,delete,10000000,222565
