uniform-24,1,BFS,2.4819
uniform-24,1,PR,233.953
uniform-24,1,1-HOP,0.850808
uniform-24,1,2-HOP,53.1213
uniform-24,1,Read,32.2904
uniform-24,4,BFS,0.81052
uniform-24,4,PR,88.4471
uniform-24,4,1-HOP,0.458643
uniform-24,4,2-HOP,20.9094
uniform-24,4,Read,12.0413
uniform-24,8,BFS,0.380652
uniform-24,8,PR,41.8249
uniform-24,8,1-HOP,0.442495
uniform-24,8,2-HOP,9.6043
uniform-24,8,Read,5.51181
uniform-24,12,BFS,0.310055
uniform-24,12,PR,34.8524
uniform-24,12,1-HOP,0.451484
uniform-24,12,2-HOP,6.9934
uniform-24,12,Read,4.30484
uniform-24,1,e,insert,100000,217530
uniform-24,1,e,delete,100000,276692
uniform-24,4,e,insert,100000,886339
uniform-24,4,e,delete,100000,286518
uniform-24,8,e,insert,100000,1.48506e+06
uniform-24,8,e,delete,100000,289603
uniform-24,12,e,insert,100000,2.06227e+06
uniform-24,12,e,delete,100000,295894
orkut,1,BFS,0.993031
orkut,1,PR,58.1797
orkut,1,1-HOP,0.252213
orkut,1,2-HOP,57.5793
orkut,1,Read,22.5567
orkut,4,BFS,0.334177
orkut,4,PR,25.5533
orkut,4,1-HOP,0.122698
orkut,4,2-HOP,20.2232
orkut,4,Read,7.98349
orkut,8,BFS,0.179898
orkut,8,PR,13.6789
orkut,8,1-HOP,0.0927887
orkut,8,2-HOP,10.0127
orkut,8,Read,3.82358
orkut,12,BFS,0.159127
orkut,12,PR,11.2127
orkut,12,1-HOP,0.110735
orkut,12,2-HOP,7.58353
orkut,12,Read,2.95768
orkut,1,e,insert,100000,150381
orkut,1,e,delete,100000,191373
orkut,4,e,insert,100000,596632
orkut,4,e,delete,100000,199126
orkut,8,e,insert,100000,1.10361e+06
orkut,8,e,delete,100000,203928
orkut,12,e,insert,100000,1.45094e+06
orkut,12,e,delete,100000,204670

graph_20_30,16,BFS,0.0394197
graph_20_30,16,PR,2.20537
graph_20_30,16,1-HOP,0.0338743
graph_20_30,16,2-HOP,0.473873
graph_20_30,16,Read,1.19422
graph_20_30,16,e,insert,100000,976377
graph_20_30,16,e,delete,100000,166036
graph_21_30,16,BFS,0.082638
graph_21_30,16,PR,4.59101
graph_21_30,16,1-HOP,0.0683913
graph_21_30,16,2-HOP,1.13739
graph_21_30,16,Read,2.80088
graph_21_30,16,e,insert,100000,860570
graph_21_30,16,e,delete,100000,133343
graph_22_30,16,BFS,0.164493
graph_22_30,16,PR,9.84805
graph_22_30,16,1-HOP,0.13729
graph_22_30,16,2-HOP,2.88532
graph_22_30,16,Read,7.05253
graph_22_30,16,e,insert,100000,721771
graph_22_30,16,e,delete,100000,99475.1
graph_23_30,16,BFS,0.368422
graph_23_30,16,PR,21.8542
graph_23_30,16,1-HOP,0.270242
graph_23_30,16,2-HOP,6.54546
graph_23_30,16,Read,15.8016
graph_23_30,16,e,insert,100000,647110
graph_23_30,16,e,delete,100000,78869.3
graph_24_30,16,BFS,0.795771
graph_24_30,16,PR,47.2018
graph_24_30,16,1-HOP,0.552401
graph_24_30,16,2-HOP,16.2245
graph_24_30,16,Read,37.8741
graph_24_30,16,e,insert,100000,547025
graph_24_30,16,e,delete,100000,65032
graph_25_30,16,BFS,1.55352
graph_25_30,16,PR,99.6319
graph_25_30,16,1-HOP,1.12491
graph_25_30,16,2-HOP,38.2234
graph_25_30,16,Read,89.8709
graph_25_30,16,e,insert,100000,484734
graph_25_30,16,e,delete,100000,51685.6
graph_26_30,16,BFS,2.81461
graph_26_30,16,PR,139.61
graph_26_30,16,1-HOP,1.76852
graph_26_30,16,2-HOP,90.2982
graph_26_30,16,Read,207.274
graph_26_30,16,e,insert,100000,400644
graph_26_30,16,e,delete,100000,43503.3
graph_23_10,16,BFS,0.402424
graph_23_10,16,PR,10.4855
graph_23_10,16,1-HOP,0.268238
graph_23_10,16,2-HOP,1.60366
graph_23_10,16,Read,2.96117
graph_23_10,16,e,insert,100000,934311
graph_23_10,16,e,delete,100000,127956
graph_23_20,16,BFS,0.354607
graph_23_20,16,PR,16.6557
graph_23_20,16,1-HOP,0.270816
graph_23_20,16,2-HOP,3.90433
graph_23_20,16,Read,8.6167
graph_23_20,16,e,insert,100000,738421
graph_23_20,16,e,delete,100000,92343.1
graph_23_30,16,BFS,0.351759
graph_23_30,16,PR,22.1828
graph_23_30,16,1-HOP,0.273155
graph_23_30,16,2-HOP,6.53838
graph_23_30,16,Read,15.8284
graph_23_30,16,e,insert,100000,640688
graph_23_30,16,e,delete,100000,80891.6
graph_23_40,16,BFS,0.366379
graph_23_40,16,PR,26.7082
graph_23_40,16,1-HOP,0.274794
graph_23_40,16,2-HOP,9.71909
graph_23_40,16,Read,24.9987
graph_23_40,16,e,insert,100000,570386
graph_23_40,16,e,delete,100000,71321
graph_23_50,16,BFS,0.367427
graph_23_50,16,PR,30.4994
graph_23_50,16,1-HOP,0.272293
graph_23_50,16,2-HOP,12.614
graph_23_50,16,Read,34.9179
graph_23_50,16,e,insert,100000,520782
graph_23_50,16,e,delete,100000,63014.3
graph_23_60,16,BFS,0.384808
graph_23_60,16,PR,34.3136
graph_23_60,16,1-HOP,0.2736
graph_23_60,16,2-HOP,16.4695
graph_23_60,16,Read,46.7342
graph_23_60,16,e,insert,100000,486647
graph_23_60,16,e,delete,100000,58378.1
graph_23_70,16,BFS,0.427571
graph_23_70,16,PR,37.0949
graph_23_70,16,1-HOP,0.282666
graph_23_70,16,2-HOP,19.8639
graph_23_70,16,Read,59.5588
graph_23_70,16,e,insert,100000,453388
graph_23_70,16,e,delete,100000,58494.6

orkut,1,e,insert,100000,156893
orkut,1,e,delete,100000,186432
orkut,1,e,insert,100000,155721
orkut,1,e,delete,100000,187849
orkut,4,e,insert,100000,604367
orkut,4,e,delete,100000,189536
orkut,1,e,insert,100000,161754
orkut,1,e,delete,100000,191262
orkut,4,e,insert,100000,621135
orkut,4,e,delete,100000,771695
orkut,8,e,insert,100000,1.05454e+06
orkut,8,e,delete,100000,1.26127e+06
orkut,12,e,insert,100000,1.47007e+06
orkut,12,e,delete,100000,1.70741e+06
orkut,16,e,insert,100000,1.67635e+06
orkut,16,e,delete,100000,2.00534e+06
livejournal,1,BFS,2.72406
livejournal,1,PR,36.7033
livejournal,1,1-HOP,0.181531
livejournal,1,2-HOP,8.92727
livejournal,1,Read,1.77019
livejournal,4,BFS,0.871681
livejournal,4,PR,15.8508
livejournal,4,1-HOP,0.145411
livejournal,4,2-HOP,3.48884
livejournal,4,Read,0.629145
livejournal,8,BFS,0.527342
livejournal,8,PR,10.5761
livejournal,8,1-HOP,0.181281
livejournal,8,2-HOP,1.61706
livejournal,8,Read,0.348006
livejournal,12,BFS,0.402921
livejournal,12,PR,7.92353
livejournal,12,1-HOP,0.174323
livejournal,12,2-HOP,1.20384
livejournal,12,Read,0.211481
livejournal,16,BFS,0.359203
livejournal,16,PR,6.29389
livejournal,16,1-HOP,0.175871
livejournal,16,2-HOP,0.973829
livejournal,16,Read,0.208258
livejournal,1,e,insert,100000,408050
livejournal,1,e,delete,100000,586201
livejournal,4,e,insert,100000,1.72464e+06
livejournal,4,e,delete,100000,2.2606e+06
livejournal,8,e,insert,100000,2.88334e+06
livejournal,8,e,delete,100000,4.46349e+06
livejournal,12,e,insert,100000,3.71223e+06
livejournal,12,e,delete,100000,3.85877e+06
livejournal,16,e,insert,100000,4.50816e+06
livejournal,16,e,delete,100000,4.85107e+06
graph500-24,1,BFS,4.09292
graph500-24,1,PR,223.304
graph500-24,1,1-HOP,0.759052
graph500-24,1,2-HOP,1532.94
graph500-24,1,Read,18.9076
graph500-24,4,BFS,1.33845
graph500-24,4,PR,74.1092
graph500-24,4,1-HOP,0.550244
graph500-24,4,2-HOP,520.711
graph500-24,4,Read,6.18382
graph500-24,8,BFS,0.823788
graph500-24,8,PR,32.4418
graph500-24,8,1-HOP,0.601245
graph500-24,8,2-HOP,255.763
graph500-24,8,Read,3.21338
graph500-24,12,BFS,0.611605
graph500-24,12,PR,26.5914
graph500-24,12,1-HOP,0.598123
graph500-24,12,2-HOP,196.877
graph500-24,12,Read,2.27986
graph500-24,16,BFS,0.478444
graph500-24,16,PR,22.3448
graph500-24,16,1-HOP,0.587797
graph500-24,16,2-HOP,162.239
graph500-24,16,Read,1.77266
graph500-24,1,e,insert,100000,294355
graph500-24,1,e,delete,100000,496096
graph500-24,4,e,insert,100000,1.28355e+06
graph500-24,4,e,delete,100000,1.63191e+06
graph500-24,8,e,insert,100000,2.19515e+06
graph500-24,8,e,delete,100000,3.10434e+06
graph500-24,12,e,insert,100000,2.91937e+06
graph500-24,12,e,delete,100000,4.17589e+06
graph500-24,16,e,insert,100000,3.02654e+06
graph500-24,16,e,delete,100000,4.69726e+06
