Using threads :	1
	[Tue May 24 09:06:47 2022]Insert	Batch size=10	Latency=5.9e-06	Throughput=169492
	[Tue May 24 09:06:47 2022]Read	Batch size=10	Latency=0	Throughput=inf
	[Tue May 24 09:06:47 2022]Delete	Batch size=10	Latency=3e-07	Throughput=3.33333e+06
	[Tue May 24 09:06:47 2022]Insert	Batch size=100	Latency=5.6e-07	Throughput=1.78571e+06
	[Tue May 24 09:06:47 2022]Read	Batch size=100	Latency=4e-08	Throughput=2.5e+07
	[Tue May 24 09:06:47 2022]Delete	Batch size=100	Latency=2.2e-07	Throughput=4.54545e+06
	[Tue May 24 09:06:47 2022]Insert	Batch size=1000	Latency=3.53e-07	Throughput=2.83286e+06
	[Tue May 24 09:06:47 2022]Read	Batch size=1000	Latency=3.3e-08	Throughput=3.0303e+07
	[Tue May 24 09:06:47 2022]Delete	Batch size=1000	Latency=2.14e-07	Throughput=4.6729e+06
	[Tue May 24 09:06:47 2022]Insert	Batch size=10000	Latency=3.137e-07	Throughput=3.18776e+06
	[Tue May 24 09:06:47 2022]Read	Batch size=10000	Latency=3.31e-08	Throughput=3.02115e+07
	[Tue May 24 09:06:47 2022]Delete	Batch size=10000	Latency=1.418e-07	Throughput=7.05219e+06
	[Tue May 24 09:06:47 2022]Insert	Batch size=100000	Latency=1.148e-07	Throughput=8.7108e+06
	[Tue May 24 09:06:47 2022]Read	Batch size=100000	Latency=1.09e-08	Throughput=9.17431e+07
	[Tue May 24 09:06:47 2022]Delete	Batch size=100000	Latency=6.947e-08	Throughput=1.43947e+07
	[Tue May 24 09:06:47 2022]Insert	Batch size=1000000	Latency=9.6052e-08	Throughput=1.0411e+07
	[Tue May 24 09:06:47 2022]Read	Batch size=1000000	Latency=1.0771e-08	Throughput=9.28419e+07
	[Tue May 24 09:06:47 2022]Delete	Batch size=1000000	Latency=6.9419e-08	Throughput=1.44053e+07
	[Tue May 24 09:06:48 2022]Insert	Batch size=10000000	Latency=9.59255e-08	Throughput=1.04248e+07
	[Tue May 24 09:06:48 2022]Read	Batch size=10000000	Latency=1.07501e-08	Throughput=9.30224e+07
	[Tue May 24 09:06:49 2022]Delete	Batch size=10000000	Latency=6.94143e-08	Throughput=1.44063e+07
Using threads :	1
	[Tue May 24 09:06:57 2022]Insert	Batch size=10	Latency=5.6e-06	Throughput=178571
	[Tue May 24 09:06:57 2022]Read	Batch size=10	Latency=1e-07	Throughput=1e+07
	[Tue May 24 09:06:57 2022]Delete	Batch size=10	Latency=3e-07	Throughput=3.33333e+06
	[Tue May 24 09:06:57 2022]Insert	Batch size=100	Latency=5.4e-07	Throughput=1.85185e+06
	[Tue May 24 09:06:57 2022]Read	Batch size=100	Latency=4e-08	Throughput=2.5e+07
	[Tue May 24 09:06:57 2022]Delete	Batch size=100	Latency=2.2e-07	Throughput=4.54545e+06
	[Tue May 24 09:06:57 2022]Insert	Batch size=1000	Latency=3.45e-07	Throughput=2.89855e+06
	[Tue May 24 09:06:57 2022]Read	Batch size=1000	Latency=3.3e-08	Throughput=3.0303e+07
	[Tue May 24 09:06:57 2022]Delete	Batch size=1000	Latency=2.11e-07	Throughput=4.73934e+06
	[Tue May 24 09:06:57 2022]Insert	Batch size=10000	Latency=3.109e-07	Throughput=3.21647e+06
	[Tue May 24 09:06:57 2022]Read	Batch size=10000	Latency=3.33e-08	Throughput=3.003e+07
	[Tue May 24 09:06:57 2022]Delete	Batch size=10000	Latency=2.11e-07	Throughput=4.73934e+06
	[Tue May 24 09:06:57 2022]Insert	Batch size=100000	Latency=1.2414e-07	Throughput=8.05542e+06
	[Tue May 24 09:06:57 2022]Read	Batch size=100000	Latency=1.074e-08	Throughput=9.31099e+07
	[Tue May 24 09:06:57 2022]Delete	Batch size=100000	Latency=6.866e-08	Throughput=1.45645e+07
	[Tue May 24 09:06:57 2022]Insert	Batch size=1000000	Latency=9.5746e-08	Throughput=1.04443e+07
	[Tue May 24 09:06:57 2022]Read	Batch size=1000000	Latency=1.0783e-08	Throughput=9.27386e+07
	[Tue May 24 09:06:58 2022]Delete	Batch size=1000000	Latency=6.9268e-08	Throughput=1.44367e+07
	[Tue May 24 09:06:58 2022]Insert	Batch size=10000000	Latency=9.54875e-08	Throughput=1.04726e+07
	[Tue May 24 09:06:59 2022]Read	Batch size=10000000	Latency=1.07499e-08	Throughput=9.30241e+07
	[Tue May 24 09:06:59 2022]Delete	Batch size=10000000	Latency=6.84647e-08	Throughput=1.46061e+07
