livejournal,16,e,insert,10,5261.22
livejournal,16,e,read,10,1.02041e+06
livejournal,16,e,delete,10,2.7027e+06
livejournal,16,e,insert,100,393546
livejournal,16,e,read,100,1.36426e+06
livejournal,16,e,delete,100,2.91545e+06
livejournal,16,e,insert,1000,564079
livejournal,16,e,read,1000,1.61786e+06
livejournal,16,e,delete,1000,2.05508e+06
livejournal,16,e,insert,10000,685495
livejournal,16,e,read,10000,1.74685e+06
livejournal,16,e,delete,10000,1.32156e+06
livejournal,16,e,insert,100000,745423
livejournal,16,e,read,100000,1.5762e+06
livejournal,16,e,delete,100000,933056
livejournal,16,e,insert,1000000,700584
livejournal,16,e,read,1000000,974991
livejournal,16,e,delete,1000000,422091
livejournal,16,e,insert,10000000,637560
livejournal,16,e,read,10000000,390426
livejournal,16,e,delete,10000000,186618
orkut,16,e,insert,100000,772023
orkut,16,e,read,100000,1.33626e+06
orkut,16,e,delete,100000,934539
twitter,16,e,insert,100000,613652
twitter,16,e,read,100000,1.28828e+06
twitter,16,e,delete,100000,947192
uniform-24,16,e,insert,100000,672586
uniform-24,16,e,read,100000,1.19404e+06
uniform-24,16,e,delete,100000,987313
graph500-24,16,e,insert,100000,649328
graph500-24,16,e,read,100000,1.46104e+06
graph500-24,16,e,delete,100000,991276
friendster,16,e,insert,100000,565778
friendster,16,e,read,100000,1.16202e+06
friendster,16,e,delete,100000,903847
orkut,1,e,insert,10,34656
orkut,1,e,delete,10,485437
orkut,1,e,insert,100,494560
orkut,1,e,delete,100,609570
orkut,1,e,insert,1000,679671
orkut,1,e,delete,1000,693963
orkut,1,e,insert,10000,767533
orkut,1,e,delete,10000,844284
orkut,1,e,insert,100000,780396
orkut,1,e,delete,100000,646395
orkut,1,e,insert,1000000,723748
orkut,1,e,delete,1000000,219069
orkut,1,e,insert,10000000,647721
orkut,1,e,delete,10000000,116985
uniform-24,1,e,insert,10,14511.7
uniform-24,1,e,delete,10,238949
uniform-24,1,e,insert,100,401365
uniform-24,1,e,delete,100,293772
uniform-24,1,e,insert,1000,562256
uniform-24,1,e,delete,1000,504821
uniform-24,1,e,insert,10000,657343
uniform-24,1,e,delete,10000,609989
uniform-24,1,e,insert,100000,696631
uniform-24,1,e,delete,100000,676754
uniform-24,1,e,insert,1000000,652646
uniform-24,1,e,delete,1000000,311383
uniform-24,1,e,insert,10000000,624757
uniform-24,1,e,delete,10000000,179239
orkut,16,e,insert,10,12285.8
orkut,16,e,delete,10,560224
orkut,16,e,insert,100,492732
orkut,16,e,delete,100,766284
orkut,16,e,insert,1000,673559
orkut,16,e,delete,1000,934056
orkut,16,e,insert,10000,771245
orkut,16,e,delete,10000,967904
orkut,16,e,insert,100000,787020
orkut,16,e,delete,100000,668753
orkut,16,e,insert,1000000,755374
orkut,16,e,delete,1000000,233946
orkut,16,e,insert,10000000,658967
orkut,16,e,delete,10000000,120868
uniform-24,16,e,insert,10,4450.28
uniform-24,16,e,delete,10,220751
uniform-24,16,e,insert,100,404858
uniform-24,16,e,delete,100,324254
uniform-24,16,e,insert,1000,558534
uniform-24,16,e,delete,1000,543316
uniform-24,16,e,insert,10000,662708
uniform-24,16,e,delete,10000,726488
uniform-24,16,e,insert,100000,704278
uniform-24,16,e,delete,100000,752587
uniform-24,16,e,insert,1000000,677615
uniform-24,16,e,delete,1000000,321002
uniform-24,16,e,insert,10000000,616069
uniform-24,16,e,delete,10000000,182939
uniform-24,16,e,insert,10,435.502
uniform-24,16,e,delete,10,14705.9
uniform-24,16,e,insert,100,205761
uniform-24,16,e,delete,100,200803
uniform-24,16,e,insert,1000,105263
uniform-24,16,e,delete,1000,856898
uniform-24,16,e,insert,10000,102724
uniform-24,16,e,delete,10000,2.03666e+06
uniform-24,16,e,insert,100000,128099
uniform-24,16,e,delete,100000,3.25637e+06
uniform-24,16,e,insert,1000000,196809
uniform-24,16,e,delete,1000000,4.64987e+06
uniform-24,16,e,insert,10000000,434335
uniform-24,16,e,delete,10000000,2.65769e+06
orkut,16,e,insert,10,644.579
orkut,16,e,delete,10,15220.7
orkut,16,e,insert,100,103950
orkut,16,e,delete,100,172712
orkut,16,e,insert,1000,115915
orkut,16,e,delete,1000,920810
orkut,16,e,insert,10000,117280
orkut,16,e,delete,10000,918695
orkut,16,e,insert,100000,153373
orkut,16,e,delete,100000,3.93468e+06
orkut,16,e,insert,1000000,310863
orkut,16,e,delete,1000000,4.26225e+06
orkut,16,e,insert,10000000,650931
orkut,16,e,delete,10000000,1.20799e+06
