
uniform-24,1,BFS,3.65938
uniform-24,1,PR,529.704
uniform-24,1,1-HOP,4.87539
uniform-24,1,2-HOP,42.4277
uniform-24,1,Read,22.467
uniform-24,4,BFS,2.32429
uniform-24,4,PR,177.692
uniform-24,4,1-HOP,1.47712
uniform-24,4,2-HOP,11.9945
uniform-24,4,Read,6.41485
uniform-24,8,BFS,2.08696
uniform-24,8,PR,87.1254
uniform-24,8,1-HOP,0.767787
uniform-24,8,2-HOP,5.8389
uniform-24,8,Read,3.16778
uniform-24,12,BFS,1.8142
uniform-24,12,PR,62.4578
uniform-24,12,1-HOP,0.658686
uniform-24,12,2-HOP,4.89127
uniform-24,12,Read,2.58626
uniform-24,1,e,insert,100000,481439
uniform-24,1,e,delete,100000,538496
orkut,1,BFS,0.971205
orkut,1,PR,124.368
orkut,1,1-HOP,2.08653
orkut,1,2-HOP,89.5462
orkut,1,Read,18.546
orkut,4,BFS,0.584371
orkut,4,PR,36.965
orkut,4,1-HOP,0.601677
orkut,4,2-HOP,23.5751
orkut,4,Read,4.92258
orkut,8,BFS,0.44959
orkut,8,PR,19.9009
orkut,8,1-HOP,0.326292
orkut,8,2-HOP,11.806
orkut,8,Read,2.54319
orkut,12,BFS,0.423216
orkut,12,PR,13.6588
orkut,12,1-HOP,0.275739
orkut,12,2-HOP,10.4848
orkut,12,Read,2.14143
orkut,1,e,insert,100000,541209
orkut,1,e,delete,100000,510884
graph_20_30,16,BFS,0.0861907
graph_20_30,16,PR,2.15706
graph_20_30,16,1-HOP,0.034861
graph_20_30,16,2-HOP,3.66367
graph_20_30,16,Read,0.00365033
