livejournal,16,BFS,0.683684
livejournal,16,SSSP,2.00651
livejournal,16,PR,10.1282
livejournal,16,CC,1.50727
livejournal,16,LP,14.4878
livejournal,16,TC,55.2941
livejournal,16,1-HOP,13.9972
livejournal,16,2-HOP,25.673
slashdot,16,BFS,0.0062856
slashdot,16,SSSP,0.0281206
slashdot,16,PR,0.130524
slashdot,16,CC,0.0200534
slashdot,16,LP,0.198286
slashdot,16,TC,0.067427
slashdot,16,1-HOP,0.202455
slashdot,16,2-HOP,0.399653
orkut,16,1-HOP,12.4581
orkut,16,2-HOP,21.949
orkut,16,BFS,0.427324
orkut,16,SSSP,3.1066
orkut,16,PR,15.5757
orkut,16,CC,2.64167
orkut,16,TC,14.0746
orkut,16,LP,24.4889
uniform-24,16,1-HOP,226.219
uniform-24,16,2-HOP,407.33
uniform-24,16,BFS,2.21505
uniform-24,16,SSSP,13.3587
uniform-24,16,PR,78.0263
uniform-24,16,CC,17.9156
uniform-24,16,TC,42.1419
uniform-24,16,LP,123.095
livejournal,16,1-HOP,17.1442
livejournal,16,2-HOP,28.5048
livejournal,16,BFS,0.544753
livejournal,16,SSSP,2.15161
livejournal,16,PR,10.0409
livejournal,16,CC,1.49225
livejournal,16,TC,55.2448
livejournal,16,LP,14.6773
livejournal,16,1-HOP,16.4901
livejournal,16,2-HOP,28.188
livejournal,16,BFS,0.51346
livejournal,16,SSSP,2.11391
livejournal,16,PR,10.2857
livejournal,16,CC,1.54858
livejournal,16,1-HOP,16.0964
livejournal,16,2-HOP,28.44
livejournal,16,BFS,0.516937
livejournal,16,SSSP,2.32508
livejournal,16,PR,10.2322
livejournal,16,CC,1.5114
livejournal,16,TC,66.3648
livejournal,16,LP,14.5603
uniform-24,16,1-HOP,0.48852
uniform-24,16,2-HOP,0.489076
uniform-24,16,Read,1.9384
orkut,16,1-HOP,0.151023
orkut,16,2-HOP,13.7249
orkut,16,Read,1.0555
orkut,16,1-HOP,0.144101
orkut,16,2-HOP,13.3347
orkut,16,Read,1.0664
orkut,16,PR,10.5116
uniform-24,16,PR,53.361
slashdot,16,PR,0.0434183
livejournal,16,PR,4.17499
orkut,16,1-HOP,0.110136
orkut,16,2-HOP,12.3979
orkut,16,BFS,0.363758
orkut,16,SSSP,2.69322
orkut,16,PR,10.1017
orkut,16,CC,2.45768
orkut,16,LP,24.5632
orkut,16,Read,0.94395
orkut,16,TC,13.96
uniform-24,16,1-HOP,0.316349
uniform-24,16,2-HOP,11.0102
uniform-24,16,BFS,1.5168
uniform-24,16,SSSP,11.7563
uniform-24,16,PR,46.4693
uniform-24,16,CC,16.0886
uniform-24,16,LP,113.078
uniform-24,16,Read,2.31145
uniform-24,16,TC,39.9671
livejournal,16,BFS,0.408784
orkut,16,1-HOP,0.108105
orkut,16,2-HOP,12.5754
orkut,16,BFS,0.369498
orkut,16,SSSP,2.68431
orkut,16,PR,9.9519
orkut,16,CC,2.57268
orkut,16,LP,24.6403
orkut,16,Read,0.938051
orkut,16,TC,13.9734
uniform-24,16,1-HOP,0.488827
uniform-24,16,2-HOP,10.6107
uniform-24,16,BFS,1.84226
uniform-24,16,SSSP,12.3349
uniform-24,16,PR,49.5125
uniform-24,16,CC,17.7849
uniform-24,16,LP,123.239
uniform-24,16,Read,2.27102
livejournal,16,BFS,0.341247
orkut,16,1-HOP,0.109652
orkut,16,2-HOP,9.08019
orkut,16,BFS,0.394703
orkut,16,SSSP,1.86925
orkut,16,PR,8.20598
orkut,16,CC,1.78199
orkut,16,LP,17.6188
orkut,16,Read,0.939885
orkut,16,TC,14.575
uniform-24,16,1-HOP,0.5046
uniform-24,16,2-HOP,5.73429
uniform-24,16,BFS,1.29817
uniform-24,16,SSSP,7.3007
uniform-24,16,PR,26.9508
uniform-24,16,CC,9.62707
uniform-24,16,LP,61.9639
uniform-24,16,Read,2.35049
uniform-24,16,TC,34.5524
slashdot,16,BFS,0.00679833
livejournal,16,BFS,0.346731
slashdot,16,1-HOP,0.0124133
slashdot,16,2-HOP,0.0237317
slashdot,16,BFS,0.0161853
slashdot,16,SSSP,0.025995
slashdot,16,PR,0.0395613
slashdot,16,CC,0.019276
slashdot,16,LP,0.195822
slashdot,16,Read,0.002287
slashdot,16,TC,0.0616307
orkut,16,1-HOP,0.112775
orkut,16,2-HOP,9.43856
orkut,16,BFS,0.274251
orkut,16,SSSP,1.90132
orkut,16,PR,6.45447
orkut,16,CC,1.78271
orkut,16,LP,17.4968
orkut,16,Read,0.921546
orkut,16,TC,9.20246
uniform-24,16,1-HOP,0.495731
uniform-24,16,2-HOP,5.67383
uniform-24,16,BFS,1.17649
uniform-24,16,SSSP,7.44794
uniform-24,16,PR,30.0509
uniform-24,16,CC,9.94747
uniform-24,16,LP,62.4605
uniform-24,16,Read,2.32269
uniform-24,16,TC,16.047
slashdot,16,PR,0.0401247
livejournal,16,PR,3.20435
orkut,16,PR,6.56428
livejournal,16,1-HOP,0.193808
livejournal,16,2-HOP,0.812743
livejournal,16,BFS,0.361472
livejournal,16,SSSP,1.70731
livejournal,16,PR,2.98395
livejournal,16,CC,1.24492
orkut,16,1-HOP,0.109082
orkut,16,2-HOP,9.52807
orkut,16,BFS,0.555191
orkut,16,SSSP,1.95101
orkut,16,PR,6.59482
orkut,16,CC,1.72828
orkut,16,LP,16.2668
orkut,16,Read,0.947629
orkut,16,TC,11.3336
uniform-24,16,1-HOP,0.492037
uniform-24,16,2-HOP,5.69655
uniform-24,16,BFS,1.20131
uniform-24,16,SSSP,7.44392
uniform-24,16,PR,26.3291
uniform-24,16,CC,9.52635
uniform-24,16,LP,55.6073
uniform-24,16,Read,2.25783
uniform-24,16,TC,16.2066
livejournal,16,1-HOP,0.170531
livejournal,16,2-HOP,0.825563
livejournal,16,BFS,0.37234
livejournal,16,SSSP,1.85889
livejournal,16,PR,2.92975
livejournal,16,CC,1.30276
livejournal,16,LP,12.4788
livejournal,16,Read,0.231362
livejournal,16,TC,82.8732
livejournal,16,1-HOP,0.173975
livejournal,16,2-HOP,0.328524
livejournal,16,BFS,0.250015
livejournal,16,SSSP,1.30123
livejournal,16,PR,1.82165
livejournal,16,CC,1.02762
livejournal,16,LP,11.1195
livejournal,16,Read,0.267798
livejournal,16,TC,80.8035
orkut,16,1-HOP,0.109158
orkut,16,2-HOP,2.51033
orkut,16,BFS,0.169602
orkut,16,SSSP,1.1554
orkut,16,PR,2.78214
orkut,16,CC,0.968883
orkut,16,LP,11.92
orkut,16,Read,0.918402
orkut,16,TC,7.53436
uniform-24,16,1-HOP,0.469102
uniform-24,16,1-HOP,0.465636
uniform-24,16,2-HOP,2.70542
uniform-24,16,BFS,0.731824
uniform-24,16,SSSP,5.18762
uniform-24,16,PR,17.1
uniform-24,16,CC,6.44794
uniform-24,16,LP,44.8747
uniform-24,16,Read,2.16898
uniform-24,16,TC,7.38061
