livejournal,16,e,insert,10,711.44
livejournal,16,e,read,10,4417.61
livejournal,16,e,delete,10,6109.98
livejournal,16,e,insert,100,52310.4
livejournal,16,e,read,100,47877.4
livejournal,16,e,delete,100,88626.3
livejournal,16,e,insert,1000,93949.6
livejournal,16,e,read,1000,88139.4
livejournal,16,e,delete,1000,485201
livejournal,16,e,insert,10000,544455
livejournal,16,e,read,10000,362494
livejournal,16,e,delete,10000,582841
livejournal,16,e,insert,100000,724260
livejournal,16,e,read,100000,687633
livejournal,16,e,delete,100000,749680
livejournal,16,e,insert,1000000,606646
livejournal,16,e,read,1000000,878854
livejournal,16,e,delete,1000000,920887
livejournal,16,e,insert,10000000,501963
livejournal,16,e,read,10000000,1.8556e+06
livejournal,16,e,delete,10000000,494031
