uniform-24,1,BFS,30.7772
uniform-24,1,PR,647.576
uniform-24,1,1-HOP,2.81915
uniform-24,1,2-HOP,149.141
uniform-24,1,Read,35.1075
uniform-24,4,BFS,6.44415
uniform-24,4,PR,191.872
uniform-24,4,1-HOP,0.742698
uniform-24,4,2-HOP,33.1864
uniform-24,4,Read,7.86553
uniform-24,8,BFS,2.9981
uniform-24,8,PR,110.407
uniform-24,8,1-HOP,0.495492
uniform-24,8,2-HOP,16.4121
uniform-24,8,Read,3.92081
uniform-24,12,BFS,2.26793
uniform-24,12,PR,96.177
uniform-24,12,1-HOP,0.47241
uniform-24,12,2-HOP,12.5727
uniform-24,12,Read,2.8565
uniform-24,1,e,insert,100000,104829
uniform-24,1,e,delete,100000,173270
orkut,1,BFS,4.98281
orkut,1,PR,140.055
orkut,1,1-HOP,0.624555
orkut,1,2-HOP,134.837
orkut,1,Read,12.5541
orkut,4,BFS,1.27158
orkut,4,PR,40.6095
orkut,4,1-HOP,0.192285
orkut,4,2-HOP,34.9712
orkut,4,Read,3.14313
orkut,8,BFS,0.556348
orkut,8,PR,21.3678
orkut,8,1-HOP,0.120472
orkut,8,2-HOP,17.5437
orkut,8,Read,1.57845
orkut,12,BFS,0.456598
orkut,12,PR,18.0281
orkut,12,1-HOP,0.108586
orkut,12,2-HOP,14.0141
orkut,12,Read,1.16013
orkut,1,e,insert,100000,117731
orkut,1,e,delete,100000,180960
graph_20_30,16,BFS,0.13573
graph_20_30,16,PR,2.8347
graph_20_30,16,1-HOP,0.0369173
graph_20_30,16,2-HOP,1.15629
graph_20_30,16,Read,0.218401
graph_20_30,16,BFS,0.128844
graph_20_30,16,PR,2.61661
graph_20_30,16,1-HOP,0.0372667
graph_20_30,16,2-HOP,1.03227
graph_20_30,16,Read,0.260444
graph_20_30,12,e,insert,100000,808848
graph_20_30,12,e,delete,100000,612359
graph_20_30,16,BFS,0.141287
graph_20_30,16,PR,2.86117
graph_20_30,16,1-HOP,0.037331
graph_20_30,16,2-HOP,1.14475
graph_20_30,16,Read,0.217576
graph_20_30,12,e,insert,100000,551946
graph_20_30,12,e,delete,100000,772360
graph_20_30,16,BFS,0.117585
graph_21_30,16,BFS,0.265753
graph_21_30,16,PR,5.85679
graph_21_30,16,1-HOP,0.073337
graph_21_30,16,2-HOP,2.99222
graph_21_30,16,Read,0.459354
graph_21_30,12,e,insert,100000,493878
graph_21_30,12,e,delete,100000,558607
graph_22_30,16,BFS,0.554474
graph_22_30,16,PR,12.2896
graph_22_30,16,1-HOP,0.148681
graph_22_30,16,2-HOP,7.34836
graph_22_30,16,Read,0.99948
graph_22_30,12,e,insert,100000,653730
graph_22_30,12,e,delete,100000,539799
graph_23_30,16,BFS,1.1763
graph_23_30,16,PR,29.0836
graph_23_30,16,1-HOP,0.318035
graph_23_30,16,2-HOP,17.5358
graph_23_30,16,Read,2.03599
graph_23_30,12,e,insert,100000,392742
graph_23_30,12,e,delete,100000,525753
graph_24_30,16,BFS,2.65626
graph_24_30,16,PR,45.2384
graph_24_30,16,1-HOP,0.602746
graph_24_30,16,2-HOP,43.9572
graph_24_30,16,Read,4.55049
graph_24_30,12,e,insert,100000,551763
graph_24_30,12,e,delete,100000,759564
graph_23_10,16,BFS,0.784236
graph_23_10,16,PR,21.026
graph_23_10,16,1-HOP,0.29786
graph_23_10,16,2-HOP,3.46713
graph_23_10,16,Read,0.618096
graph_23_10,12,e,insert,100000,747030
graph_23_10,12,e,delete,100000,497651
graph_23_20,16,BFS,1.12727
graph_23_20,16,PR,21.29
graph_23_20,16,1-HOP,0.305947
graph_23_20,16,2-HOP,9.90546
graph_23_20,16,Read,1.35624
graph_23_20,12,e,insert,100000,684982
graph_23_20,12,e,delete,100000,503173
graph_23_30,16,BFS,1.18251
graph_23_30,16,PR,21.9775
graph_23_30,16,1-HOP,0.323582
graph_23_30,16,2-HOP,17.9875
graph_23_30,16,Read,2.06262
graph_23_30,12,e,insert,100000,478677
graph_23_30,12,e,delete,100000,394206
graph_23_40,16,BFS,1.50546
graph_23_40,16,PR,25.1111
graph_23_40,16,1-HOP,0.299917
graph_23_40,16,2-HOP,27.3363
graph_23_40,16,Read,2.8762
graph_23_40,12,e,insert,100000,624860
graph_23_40,12,e,delete,100000,429234
graph_23_50,16,BFS,1.58615
graph_23_50,16,PR,31.4461
graph_23_50,16,1-HOP,0.323669
graph_23_50,16,2-HOP,37.4942
graph_23_50,16,Read,3.72077
graph_23_50,12,e,insert,100000,742981
graph_23_50,12,e,delete,100000,798048
graph_23_60,16,BFS,1.69714
graph_23_60,16,PR,31.7004
graph_23_60,16,1-HOP,0.310625
graph_23_60,16,2-HOP,50.2881
graph_23_60,16,Read,4.52882
graph_23_60,12,e,insert,100000,509246
graph_23_60,12,e,delete,100000,392315
graph_23_70,16,BFS,1.7292
graph_23_70,16,PR,38.1125
graph_23_70,16,1-HOP,0.310164
graph_23_70,16,2-HOP,62.5054
graph_23_70,16,Read,5.36342
graph_23_70,12,e,insert,100000,493080
graph_23_70,12,e,delete,100000,464479
uniform-24,1,BFS,27.7278
uniform-24,1,PR,657.328
uniform-24,1,1-HOP,2.8502
uniform-24,1,2-HOP,146.438
uniform-24,1,Read,34.3193
uniform-24,4,BFS,6.9299
uniform-24,4,PR,198.312
uniform-24,4,1-HOP,0.743645
uniform-24,4,2-HOP,32.675
uniform-24,4,Read,7.48462
uniform-24,8,BFS,3.00705
uniform-24,8,PR,102.284
uniform-24,8,1-HOP,0.487432
uniform-24,8,2-HOP,16.5052
uniform-24,8,Read,3.8487
uniform-24,12,BFS,2.25147
uniform-24,12,PR,89.5063
uniform-24,12,1-HOP,0.471311
uniform-24,12,2-HOP,12.4973
uniform-24,12,Read,2.9185
uniform-24,1,e,insert,100000,104747
uniform-24,1,e,delete,100000,166406
orkut,1,BFS,5.13173
orkut,1,PR,135.644
orkut,1,1-HOP,0.637138
orkut,1,2-HOP,127.522
orkut,1,Read,12.078
orkut,4,BFS,1.17427
orkut,4,PR,41.0103
orkut,4,1-HOP,0.186276
orkut,4,2-HOP,34.4301
orkut,4,Read,3.18025
orkut,8,BFS,0.577307
orkut,8,PR,23.3252
orkut,8,1-HOP,0.119059
orkut,8,2-HOP,17.1263
orkut,8,Read,1.5495
orkut,12,BFS,0.435592
orkut,12,PR,18.1764
orkut,12,1-HOP,0.110845
orkut,12,2-HOP,13.8111
orkut,12,Read,1.17417
orkut,1,e,insert,100000,113944
orkut,1,e,delete,100000,185038
uniform-24,4,e,insert,100000,393872
uniform-24,4,e,delete,100000,633001
graph500-24,4,e,insert,100000,399330
graph500-24,4,e,delete,100000,708328
uniform-24,8,e,insert,100000,420973
uniform-24,8,e,delete,100000,722078
graph500-24,8,e,insert,100000,359816
graph500-24,8,e,delete,100000,590067
uniform-24,12,e,insert,100000,376917
uniform-24,12,e,delete,100000,332219
graph500-24,12,e,insert,100000,271416
graph500-24,12,e,delete,100000,345987

orkut,4,e,insert,10,19440.1
orkut,4,e,delete,10,11060.1
orkut,4,e,insert,100,120613
orkut,4,e,delete,100,154048
orkut,4,e,insert,1000,207142
orkut,4,e,delete,1000,379997
orkut,4,e,insert,10000,350401
orkut,4,e,delete,10000,508563
orkut,4,e,insert,100000,406615
orkut,4,e,delete,100000,629752
orkut,4,e,insert,1000000,117788
orkut,4,e,delete,1000000,309258
orkut,4,e,insert,10000000,24249.2
orkut,4,e,delete,10000000,71376.9
orkut,8,e,insert,10,6989.59
orkut,8,e,delete,10,7680.79
orkut,8,e,insert,100,77957.5
orkut,8,e,delete,100,68329.3
orkut,8,e,insert,1000,327354
orkut,8,e,delete,1000,449893
orkut,8,e,insert,10000,419858
orkut,8,e,delete,10000,532574
orkut,8,e,insert,100000,276368
orkut,8,e,delete,100000,493390
orkut,8,e,insert,1000000,233004
orkut,8,e,delete,1000000,367025
orkut,8,e,insert,10000000,219695
orkut,8,e,delete,10000000,682582
orkut,12,e,insert,10,2517.12
orkut,12,e,delete,10,4540.81
orkut,12,e,insert,100,60641
orkut,12,e,delete,100,70177.9
orkut,12,e,insert,1000,215868
orkut,12,e,delete,1000,215673
orkut,12,e,insert,10000,284088
orkut,12,e,delete,10000,227537
orkut,12,e,insert,100000,236209
orkut,12,e,delete,100000,300005
orkut,12,e,insert,1000000,211706
orkut,12,e,delete,1000000,280228
orkut,12,e,insert,10000000,358027
orkut,12,e,delete,10000000,530693
