GRAPH	LiveJournal	[Wed May 18 10:31:05 2022]
Using threads :	1
	[Wed May 18 10:31:08 2022]AVG	test=BFS	time=0.556341
	[Wed May 18 10:31:29 2022]AVG	test=PR	time=5.42552
	[Wed May 18 10:31:33 2022]AVG	test=CC	time=0.979872
	[Wed May 18 10:31:58 2022]AVG	test=TC	time=6.2601
	[Wed May 18 10:32:38 2022]AVG	test=1-hop	time=9.97438
	[Wed May 18 10:33:56 2022]AVG	test=2-hop	time=19.4595
	[Wed May 18 10:34:21 2022]AVG	test=LP	time=6.20056
Using threads :	1
	[Wed May 18 11:18:34 2022]AVG	test=SSSP	time=2.52764
Using threads :	4
	[Wed May 18 11:23:04 2022]AVG	test=SSSP	time=1.94661
GRAPH	LiveJournal	[Wed May 18 11:31:14 2022]
Using threads :	4
	[Wed May 18 11:31:15 2022]AVG	test=BFS	time=0.419713
	[Wed May 18 11:31:28 2022]AVG	test=PR	time=3.08885
	[Wed May 18 11:31:31 2022]AVG	test=CC	time=0.760775
	[Wed May 18 11:31:50 2022]AVG	test=TC	time=4.94912
	[Wed May 18 11:32:04 2022]AVG	test=1-hop	time=3.30121
	[Wed May 18 11:32:34 2022]AVG	test=2-hop	time=8.0108
	[Wed May 18 11:32:49 2022]AVG	test=LP	time=3.69374
GRAPH	LiveJournal	[Wed May 18 11:36:24 2022]
Using threads :	8
	[Wed May 18 11:36:25 2022]AVG	test=BFS	time=0.379001
	[Wed May 18 11:36:35 2022]AVG	test=PR	time=2.2849
	[Wed May 18 11:36:37 2022]AVG	test=CC	time=0.556084
	[Wed May 18 11:36:50 2022]AVG	test=TC	time=3.22776
	[Wed May 18 11:36:59 2022]AVG	test=1-hop	time=2.41162
	[Wed May 18 11:37:17 2022]AVG	test=2-hop	time=4.61086
	[Wed May 18 11:37:29 2022]AVG	test=LP	time=2.99633
Using threads :	8
	[Wed May 18 11:43:55 2022]AVG	test=SSSP	time=1.13322
GRAPH	LiveJournal	[Wed May 18 11:48:12 2022]
Using threads :	12
	[Wed May 18 11:48:14 2022]AVG	test=BFS	time=0.36431
	[Wed May 18 11:48:22 2022]AVG	test=PR	time=2.0666
	[Wed May 18 11:48:24 2022]AVG	test=CC	time=0.457954
	[Wed May 18 11:48:34 2022]AVG	test=TC	time=2.57211
	[Wed May 18 11:48:44 2022]AVG	test=1-hop	time=2.3794
	[Wed May 18 11:49:06 2022]AVG	test=2-hop	time=5.53136
	[Wed May 18 11:49:15 2022]AVG	test=LP	time=2.51757
Using threads :	12
	[Wed May 18 11:52:51 2022]AVG	test=SSSP	time=0.986982
GRAPH	LiveJournal	[Wed May 18 11:56:20 2022]
Using threads :	16
	[Wed May 18 11:56:22 2022]AVG	test=BFS	time=0.358134
	[Wed May 18 11:56:29 2022]AVG	test=PR	time=1.89555
	[Wed May 18 11:56:31 2022]AVG	test=CC	time=0.427699
	[Wed May 18 11:56:38 2022]AVG	test=TC	time=1.827
	[Wed May 18 11:56:48 2022]AVG	test=1-hop	time=2.30403
	[Wed May 18 11:57:07 2022]AVG	test=2-hop	time=4.85686
	[Wed May 18 11:57:15 2022]AVG	test=LP	time=2.0749
Using threads :	16
	[Wed May 18 12:00:25 2022]AVG	test=SSSP	time=0.857001
