friendster,16,e,insert,100000,4.62182e+06
friendster,16,e,read,100000,9.57524e+06
friendster,16,e,delete,100000,3.83509e+06
orkut,1,e,insert,10,1.41844e+06
orkut,1,e,delete,10,4.54545e+06
orkut,1,e,insert,100,2.30681e+06
orkut,1,e,delete,100,4.21941e+06
orkut,1,e,insert,1000,1.78444e+06
orkut,1,e,delete,1000,2.87563e+06
orkut,1,e,insert,10000,1.54543e+06
orkut,1,e,delete,10000,2.35832e+06
orkut,1,e,insert,100000,1.2243e+06
orkut,1,e,delete,100000,2.0891e+06
orkut,1,e,insert,1000000,1.15965e+06
orkut,1,e,delete,1000000,3.06819e+06
orkut,1,e,insert,10000000,1.08872e+06
orkut,1,e,delete,10000000,3.47056e+06
uniform-24,1,e,insert,10,1.94175e+06
uniform-24,1,e,delete,10,6.66667e+06
uniform-24,1,e,insert,100,3.52734e+06
uniform-24,1,e,delete,100,5.88235e+06
uniform-24,1,e,insert,1000,2.87356e+06
uniform-24,1,e,delete,1000,4.11777e+06
uniform-24,1,e,insert,10000,2.5383e+06
uniform-24,1,e,delete,10000,3.44869e+06
uniform-24,1,e,insert,100000,1.52621e+06
uniform-24,1,e,delete,100000,2.22645e+06
uniform-24,1,e,insert,1000000,1.58401e+06
uniform-24,1,e,delete,1000000,3.19413e+06
uniform-24,1,e,insert,10000000,1.43911e+06
uniform-24,1,e,delete,10000000,4.17663e+06
orkut,16,e,insert,10,495050
orkut,16,e,delete,10,1.88679e+06
orkut,16,e,insert,100,946074
orkut,16,e,delete,100,1.54202e+06
orkut,16,e,insert,1000,2.55853e+06
orkut,16,e,delete,1000,1.81307e+06
orkut,16,e,insert,10000,4.28568e+06
orkut,16,e,delete,10000,1.51482e+06
orkut,16,e,insert,100000,4.14958e+06
orkut,16,e,delete,100000,1.8638e+06
orkut,16,e,insert,1000000,2.55447e+06
orkut,16,e,delete,1000000,2.92345e+06
orkut,16,e,insert,10000000,4.8583e+06
orkut,16,e,delete,10000000,3.46295e+06
uniform-24,16,e,insert,10,636943
uniform-24,16,e,delete,10,3.77358e+06
uniform-24,16,e,insert,100,1.01061e+06
uniform-24,16,e,delete,100,1.99203e+06
uniform-24,16,e,insert,1000,3.30251e+06
uniform-24,16,e,delete,1000,2.23914e+06
uniform-24,16,e,insert,10000,5.56468e+06
uniform-24,16,e,delete,10000,2.12337e+06
uniform-24,16,e,insert,100000,9.30817e+06
uniform-24,16,e,delete,100000,1.96822e+06
uniform-24,16,e,insert,1000000,4.81913e+06
uniform-24,16,e,delete,1000000,2.89847e+06
uniform-24,16,e,insert,10000000,6.76986e+06
uniform-24,16,e,delete,10000000,4.02267e+06
graph500-24,16,e,insert,10,232558
graph500-24,16,e,delete,10,2e+06
graph500-24,16,e,insert,100,564972
graph500-24,16,e,delete,100,5e+06
graph500-24,16,e,insert,1000,1.5949e+06
graph500-24,16,e,delete,1000,3.71747e+06
graph500-24,16,e,insert,10000,3.17763e+06
graph500-24,16,e,delete,10000,3.38066e+06
graph500-24,16,e,insert,100000,5.997e+06
graph500-24,16,e,delete,100000,4.02512e+06
graph500-24,16,e,insert,1000000,8.02807e+06
graph500-24,16,e,delete,1000000,6.17326e+06
graph500-24,16,e,insert,10000000,8.59005e+06
graph500-24,16,e,delete,10000000,4.35926e+06
livejournal,16,e,insert,10,344828
livejournal,16,e,delete,10,2e+06
livejournal,16,e,insert,100,400000
livejournal,16,e,delete,100,2e+06
livejournal,16,e,insert,1000,1.14286e+06
livejournal,16,e,delete,1000,2.52525e+06
livejournal,16,e,insert,10000,1.00705e+07
livejournal,16,e,delete,10000,3.96825e+06
livejournal,16,e,insert,100000,1.34971e+07
livejournal,16,e,delete,100000,5.11876e+06
livejournal,16,e,insert,1000000,1.36625e+07
livejournal,16,e,delete,1000000,5.53879e+06
livejournal,16,e,insert,10000000,3.49649e+06
livejournal,16,e,delete,10000000,872713
twitter,16,e,insert,10,120482
twitter,16,e,delete,10,1.25e+06
twitter,16,e,insert,100,400000
twitter,16,e,delete,100,2.38095e+06
twitter,16,e,insert,1000,595948
twitter,16,e,delete,1000,1.84843e+06
twitter,16,e,insert,10000,1.82216e+06
twitter,16,e,delete,10000,2.34962e+06
twitter,16,e,insert,100000,2.8443e+06
twitter,16,e,delete,100000,2.87431e+06
twitter,16,e,insert,1000000,4.90441e+06
twitter,16,e,delete,1000000,3.64435e+06
twitter,16,e,insert,10000000,2.05988e+06
twitter,16,e,delete,10000000,3.3877e+06
friendster,16,e,insert,10,270270
friendster,16,e,delete,10,1.11111e+06
friendster,16,e,insert,100,423729
friendster,16,e,delete,100,1.66667e+06
friendster,16,e,insert,1000,1.51057e+06
friendster,16,e,delete,1000,1.3986e+06
friendster,16,e,insert,10000,4.1425e+06
friendster,16,e,delete,10000,1.6756e+06
friendster,16,e,insert,100000,5.65131e+06
friendster,16,e,delete,100000,3.16927e+06
friendster,16,e,insert,1000000,1.08363e+07
friendster,16,e,delete,1000000,3.96143e+06
friendster,16,e,insert,10000000,6.47624e+06
friendster,16,e,delete,10000000,4.38874e+06
