
uniform-24,1,BFS,1.04317
uniform-24,1,PR,68.0972
uniform-24,1,1-HOP,0.406546
uniform-24,1,2-HOP,18.7684
uniform-24,1,Read,9.22364
uniform-24,4,BFS,0.478159
uniform-24,4,PR,23.2499
uniform-24,4,1-HOP,0.441975
uniform-24,4,2-HOP,6.67118
uniform-24,4,Read,10.1853
uniform-24,8,BFS,0.424307
uniform-24,8,PR,11.5972
uniform-24,8,1-HOP,0.479046
uniform-24,8,2-HOP,3.16059
uniform-24,8,Read,9.0376
uniform-24,12,BFS,0.360342
uniform-24,12,PR,10.9609
uniform-24,12,1-HOP,0.465028
uniform-24,12,2-HOP,2.51423
uniform-24,12,Read,6.72954
uniform-24,1,e,insert,100000,1.2039e+06
uniform-24,1,e,delete,100000,1.84947e+06
uniform-24,4,e,insert,100000,3.48908e+06
uniform-24,4,e,delete,100000,1.74651e+06
uniform-24,8,e,insert,100000,3.8804e+06
uniform-24,8,e,delete,100000,1.8072e+06
uniform-24,12,e,insert,100000,4.34731e+06
uniform-24,12,e,delete,100000,1.80875e+06
orkut,1,BFS,0.22534
orkut,1,PR,15.1408
orkut,1,1-HOP,0.106901
orkut,1,2-HOP,25.4644
orkut,1,Read,4.60212
orkut,4,BFS,0.0987863
orkut,4,PR,4.96763
orkut,4,1-HOP,0.0942503
orkut,4,2-HOP,7.38489
orkut,4,Read,2.80576
orkut,8,BFS,0.0719353
orkut,8,PR,2.62297
orkut,8,1-HOP,0.109699
orkut,8,2-HOP,3.68232
orkut,8,Read,2.40267
orkut,12,BFS,0.0702537
orkut,12,PR,2.33709
orkut,12,1-HOP,0.106422
orkut,12,2-HOP,3.22118
orkut,12,Read,1.97328
orkut,1,e,insert,100000,887404
orkut,1,e,delete,100000,1.72091e+06
orkut,4,e,insert,100000,2.22739e+06
orkut,4,e,delete,100000,1.66594e+06
orkut,8,e,insert,100000,2.55067e+06
orkut,8,e,delete,100000,1.69289e+06
orkut,12,e,insert,100000,2.30524e+06
orkut,12,e,delete,100000,1.72157e+06
graph_20_30,16,BFS,0.0145053
graph_20_30,16,PR,0.124755
graph_20_30,16,1-HOP,0.0348937
graph_20_30,16,2-HOP,0.074644
graph_20_30,16,Read,0.23922
