livejournal,16,e,insert,10,30275.5
livejournal,16,e,read,10,4.34783e+06
livejournal,16,e,delete,10,14150.3
livejournal,16,e,insert,100,8162.47
livejournal,16,e,read,100,892061
livejournal,16,e,delete,100,7587.6
livejournal,16,e,insert,1000,479823
livejournal,16,e,read,1000,2.62261e+06
livejournal,16,e,delete,1000,960892
livejournal,16,e,insert,10000,451052
livejournal,16,e,read,10000,2.19168e+06
livejournal,16,e,delete,10000,675484
livejournal,16,e,insert,100000,366221
livejournal,16,e,read,100000,1.55227e+06
livejournal,16,e,delete,100000,438963
livejournal,16,e,insert,1000000,354993
livejournal,16,e,read,1000000,1.44389e+06
livejournal,16,e,delete,1000000,384736
livejournal,16,e,insert,10000000,384624
livejournal,16,e,read,10000000,1.1563e+06
livejournal,16,e,delete,10000000,361926
orkut,16,e,insert,100000,333876
orkut,16,e,read,100000,1.42323e+06
orkut,16,e,delete,100000,411356
twitter,16,e,insert,100000,173733
twitter,16,e,read,100000,1.00164e+06
twitter,16,e,delete,100000,329902
uniform-24,16,e,insert,100000,267427
uniform-24,16,e,read,100000,1.36524e+06
uniform-24,16,e,delete,100000,397515
graph500-24,16,e,insert,100000,254384
graph500-24,16,e,read,100000,1.51297e+06
graph500-24,16,e,delete,100000,410066
orkut,1,e,insert,10,56306.3
orkut,1,e,delete,10,27628.1
orkut,1,e,insert,100,22687.1
orkut,1,e,delete,100,25616.7
orkut,1,e,insert,1000,473429
orkut,1,e,delete,1000,820580
orkut,1,e,insert,10000,446361
orkut,1,e,delete,10000,622808
orkut,1,e,insert,100000,380223
orkut,1,e,delete,100000,454396
orkut,1,e,insert,1000000,365107
orkut,1,e,delete,1000000,401084
orkut,1,e,insert,10000000,388188
orkut,1,e,delete,10000000,343531
uniform-24,1,e,insert,10,55187.6
uniform-24,1,e,delete,10,26462
uniform-24,1,e,insert,100,6121.99
uniform-24,1,e,delete,100,4937
uniform-24,1,e,insert,1000,453248
uniform-24,1,e,delete,1000,796781
uniform-24,1,e,insert,10000,422366
uniform-24,1,e,delete,10000,602125
uniform-24,1,e,insert,100000,334682
uniform-24,1,e,delete,100000,397097
uniform-24,1,e,insert,1000000,314726
uniform-24,1,e,delete,1000000,353048
uniform-24,1,e,insert,10000000,351845
uniform-24,1,e,delete,10000000,341313
orkut,16,e,insert,10,2457.15
orkut,16,e,delete,10,2468.28
orkut,16,e,insert,100,34456
orkut,16,e,delete,100,22356.1
orkut,16,e,insert,1000,104084
orkut,16,e,delete,1000,86614.6
orkut,16,e,insert,10000,250403
orkut,16,e,delete,10000,222291
orkut,16,e,insert,100000,246454
orkut,16,e,delete,100000,258117
orkut,16,e,insert,1000000,231670
orkut,16,e,delete,1000000,244091
orkut,16,e,insert,10000000,273006
orkut,16,e,delete,10000000,276955
uniform-24,16,e,insert,10,2490.35
uniform-24,16,e,delete,10,2499.5
uniform-24,16,e,insert,100,24269.8
uniform-24,16,e,delete,100,24364.1
uniform-24,16,e,insert,1000,159079
uniform-24,16,e,delete,1000,153876
uniform-24,16,e,insert,10000,251691
uniform-24,16,e,delete,10000,246032
uniform-24,16,e,insert,100000,262629
uniform-24,16,e,delete,100000,246408
uniform-24,16,e,insert,1000000,240798
uniform-24,16,e,delete,1000000,226155
uniform-24,16,e,insert,10000000,264487
uniform-24,16,e,delete,10000000,259268
orkut,16,e,insert,10,1945.53
orkut,16,e,delete,10,2592.69
orkut,16,e,insert,100,24354.6
orkut,16,e,delete,100,24390.2
orkut,16,e,insert,1000,125976
orkut,16,e,delete,1000,153775
orkut,16,e,insert,10000,233913
orkut,16,e,delete,10000,221494
orkut,16,e,insert,100000,274465
orkut,16,e,delete,100000,267554
orkut,16,e,insert,1000000,272654
orkut,16,e,delete,1000000,268134
orkut,16,e,insert,10000000,274166
orkut,16,e,delete,10000000,269298
orkut,16,e,insert,10,1842.64
orkut,16,e,delete,10,2396.93
orkut,16,e,insert,100,18978.9
orkut,16,e,delete,100,18730.1
orkut,16,e,insert,1000,110803
orkut,16,e,delete,1000,148876
orkut,16,e,insert,10000,210588
orkut,16,e,delete,10000,215091
orkut,16,e,insert,100000,262674
orkut,16,e,delete,100000,252788
orkut,16,e,insert,1000000,267398
orkut,16,e,delete,1000000,264687
orkut,16,e,insert,10000000,277134
orkut,16,e,delete,10000000,270519
orkut,16,e,insert,10,1977.46
orkut,16,e,delete,10,2630.89
orkut,16,e,insert,100,24437.9
orkut,16,e,delete,100,24642.7
orkut,16,e,insert,1000,121139
orkut,16,e,delete,1000,153092
orkut,16,e,insert,10000,226881
orkut,16,e,delete,10000,183100
orkut,16,e,insert,100000,274910
orkut,16,e,delete,100000,275566
orkut,16,e,insert,1000000,273840
orkut,16,e,delete,1000000,271941
orkut,16,e,insert,10000000,269546
orkut,16,e,delete,10000000,258746
uniform-24,16,e,insert,10,1990.45
uniform-24,16,e,delete,10,2613.01
uniform-24,16,e,insert,100,24813.9
uniform-24,16,e,delete,100,24594.2
uniform-24,16,e,insert,1000,127129
uniform-24,16,e,delete,1000,74576.8
uniform-24,16,e,insert,10000,228133
uniform-24,16,e,delete,10000,267208
uniform-24,16,e,insert,100000,269238
uniform-24,16,e,delete,100000,277052
uniform-24,16,e,insert,1000000,268348
uniform-24,16,e,delete,1000000,266745
uniform-24,16,e,insert,10000000,269709
uniform-24,16,e,delete,10000000,264134
uniform-24,16,e,insert,10,1982.55
uniform-24,16,e,delete,10,2600.1
uniform-24,16,e,insert,100,24473.8
uniform-24,16,e,delete,100,24420
uniform-24,16,e,insert,1000,126984
uniform-24,16,e,delete,1000,126936
uniform-24,16,e,insert,10000,210433
uniform-24,16,e,delete,10000,212454
uniform-24,16,e,insert,100000,271914
uniform-24,16,e,delete,100000,278093
uniform-24,16,e,insert,1000000,275958
uniform-24,16,e,delete,1000000,275997
uniform-24,16,e,insert,10000000,278801
uniform-24,16,e,delete,10000000,266902
uniform-24,16,e,insert,10,1976.68
uniform-24,16,e,delete,10,2257.34
uniform-24,16,e,insert,100,21649.7
uniform-24,16,e,delete,100,22727.3
uniform-24,16,e,insert,1000,113353
uniform-24,16,e,delete,1000,108707
uniform-24,16,e,insert,10000,188608
uniform-24,16,e,delete,10000,239641
uniform-24,16,e,insert,100000,273097
uniform-24,16,e,delete,100000,275041
uniform-24,16,e,insert,1000000,272762
uniform-24,16,e,delete,1000000,273876
uniform-24,16,e,insert,10000000,277004
uniform-24,16,e,delete,10000000,270093
