uniform-24,1,BFS,1.96131
uniform-24,1,PR,237.761
uniform-24,1,1-HOP,0.871246
uniform-24,1,2-HOP,49.7734
uniform-24,1,Read,22.1955
uniform-24,4,BFS,0.737499
uniform-24,4,PR,88.6374
uniform-24,4,1-HOP,0.427531
uniform-24,4,2-HOP,10.6884
uniform-24,4,Read,31.7878
uniform-24,8,BFS,0.414485
uniform-24,8,PR,47.6831
uniform-24,8,1-HOP,0.453446
uniform-24,8,2-HOP,5.38039
uniform-24,8,Read,31.4864
uniform-24,12,BFS,0.368638
uniform-24,12,PR,39.6702
uniform-24,12,1-HOP,0.447913
uniform-24,12,2-HOP,4.02781
uniform-24,12,Read,31.2871
uniform-24,1,e,insert,100000,44805.9
uniform-24,1,e,delete,100000,63340.4
uniform-24,4,e,insert,100000,163127
uniform-24,4,e,delete,100000,180505
uniform-24,8,e,insert,100000,243749
uniform-24,8,e,delete,100000,253205
uniform-24,12,e,insert,100000,228806
uniform-24,12,e,delete,100000,219515
orkut,1,BFS,0.795768
orkut,1,PR,53.3193
orkut,1,1-HOP,0.216087
orkut,1,2-HOP,37.8558
orkut,1,Read,15.8842
orkut,4,BFS,0.323289
orkut,4,PR,20.3543
orkut,4,1-HOP,0.113662
orkut,4,2-HOP,11.2872
orkut,4,Read,15.6496
orkut,8,BFS,0.160199
orkut,8,PR,12.091
orkut,8,1-HOP,0.109145
orkut,8,2-HOP,5.85053
orkut,8,Read,15.1932
orkut,12,BFS,0.131866
orkut,12,PR,10.4274
orkut,12,1-HOP,0.109497
orkut,12,2-HOP,4.95642
orkut,12,Read,15.1477
orkut,1,e,insert,100000,59704.5
orkut,1,e,delete,100000,48388.6
orkut,4,e,insert,100000,169083
orkut,4,e,delete,100000,179296
orkut,8,e,insert,100000,242956
orkut,8,e,delete,100000,230544
orkut,12,e,insert,100000,214806
orkut,12,e,delete,100000,258963
