uniform-24,16,Read,0.476368
uniform-24,16,1-HOP,0.336891
uniform-24,16,2-HOP,0.447503
uniform-24,16,BFS,0.175232
uniform-24,16,SSSP,2.09236
uniform-24,16,PR,9.23968
uniform-24,16,CC,2.26623
uniform-24,16,LP,12.0242
uniform-24,16,TC,12.8154
orkut,16,Read,0.203379
orkut,16,1-HOP,0.0690823
orkut,16,2-HOP,0.111459
orkut,16,BFS,0.0511563
orkut,16,SSSP,0.599054
orkut,16,PR,2.2216
orkut,16,CC,0.505451
orkut,16,LP,5.05557
orkut,16,TC,28.8598
livejournal,16,Read,0.038113
livejournal,16,1-HOP,0.113077
livejournal,16,2-HOP,0.161938
livejournal,16,BFS,0.0505877
livejournal,16,SSSP,0.345007
livejournal,16,PR,1.0632
livejournal,16,CC,0.270673
livejournal,16,LP,2.0841
livejournal,16,TC,2.95908
graph500-24,16,Read,0.328353
graph500-24,16,1-HOP,0.446902
graph500-24,16,2-HOP,0.569582
graph500-24,16,BFS,0.298685
graph500-24,16,SSSP,1.66102
graph500-24,16,PR,6.59356
graph500-24,16,CC,1.89103
graph500-24,16,LP,11.8348
graph500-24,16,TC,327.147
twitter,16,Read,1.22412
twitter,16,1-HOP,1.14603
twitter,16,2-HOP,5.50279
twitter,16,BFS,1.06386
twitter,16,SSSP,7.29753
twitter,16,PR,34.1372
twitter,16,CC,9.89659
twitter,16,LP,64.5828
twitter,16,TC,1834.49
friendster,16,Read,5.24341
friendster,16,1-HOP,2.14603
friendster,16,2-HOP,9.98722
friendster,16,BFS,1.14857
friendster,16,SSSP,17.9579
friendster,16,PR,45.11476
friendster,16,CC,11.96501
friendster,16,LP,57.12487
friendster,16,TC,845.1473