Using threads :	1
	[Sat May 21 10:50:47 2022]Insert	Batch size=10	Latency=7e-06	Throughput=142857
	[Sat May 21 10:50:47 2022]Read	Batch size=10	Latency=1e-07	Throughput=1e+07
	[Sat May 21 10:50:47 2022]Insert	Batch size=100	Latency=5.5e-07	Throughput=1.81818e+06
	[Sat May 21 10:50:47 2022]Read	Batch size=100	Latency=5e-08	Throughput=2e+07
	[Sat May 21 10:50:47 2022]Insert	Batch size=1000	Latency=2.13e-07	Throughput=4.69484e+06
	[Sat May 21 10:50:47 2022]Read	Batch size=1000	Latency=4.7e-08	Throughput=2.12766e+07
	[Sat May 21 10:50:47 2022]Insert	Batch size=10000	Latency=1.831e-07	Throughput=5.4615e+06
	[Sat May 21 10:50:47 2022]Read	Batch size=10000	Latency=4.62e-08	Throughput=2.1645e+07
	[Sat May 21 10:50:47 2022]Insert	Batch size=100000	Latency=9.649e-08	Throughput=1.03638e+07
	[Sat May 21 10:50:47 2022]Read	Batch size=100000	Latency=1.848e-08	Throughput=5.41126e+07
	[Sat May 21 10:50:47 2022]Insert	Batch size=1000000	Latency=7.2884e-08	Throughput=1.37204e+07
	[Sat May 21 10:50:47 2022]Read	Batch size=1000000	Latency=1.5126e-08	Throughput=6.61113e+07
	[Sat May 21 10:50:48 2022]Insert	Batch size=10000000	Latency=6.70895e-08	Throughput=1.49055e+07
	[Sat May 21 10:50:48 2022]Read	Batch size=10000000	Latency=1.50896e-08	Throughput=6.62708e+07
Using threads :	1
	[Sat May 21 10:55:35 2022]Insert	Batch size=10	Latency=7.1e-06	Throughput=140845
	[Sat May 21 10:55:35 2022]Read	Batch size=10	Latency=0	Throughput=inf
	[Sat May 21 10:55:35 2022]Insert	Batch size=100	Latency=3.4e-07	Throughput=2.94118e+06
	[Sat May 21 10:55:35 2022]Read	Batch size=100	Latency=3e-08	Throughput=3.33333e+07
	[Sat May 21 10:55:35 2022]Insert	Batch size=1000	Latency=1.32e-07	Throughput=7.57576e+06
	[Sat May 21 10:55:35 2022]Read	Batch size=1000	Latency=2.9e-08	Throughput=3.44828e+07
	[Sat May 21 10:55:35 2022]Insert	Batch size=10000	Latency=1.197e-07	Throughput=8.35422e+06
	[Sat May 21 10:55:35 2022]Read	Batch size=10000	Latency=2.91e-08	Throughput=3.43643e+07
	[Sat May 21 10:55:35 2022]Insert	Batch size=100000	Latency=1.0772e-07	Throughput=9.28333e+06
	[Sat May 21 10:55:35 2022]Read	Batch size=100000	Latency=1.502e-08	Throughput=6.65779e+07
	[Sat May 21 10:55:35 2022]Insert	Batch size=1000000	Latency=7.4189e-08	Throughput=1.34791e+07
	[Sat May 21 10:55:35 2022]Read	Batch size=1000000	Latency=1.5127e-08	Throughput=6.6107e+07
	[Sat May 21 10:55:36 2022]Insert	Batch size=10000000	Latency=6.76634e-08	Throughput=1.4779e+07
	[Sat May 21 10:55:36 2022]Read	Batch size=10000000	Latency=1.50928e-08	Throughput=6.62568e+07
orkut,5.40714
uniform-24,12.4063
livejournal,1.81804
graph500-24,12.6453
twitter,35.287
