uniform-24,1,BFS,0.707553
uniform-24,1,PR,63.7433
uniform-24,1,1-HOP,0.067914
uniform-24,1,2-HOP,0.755932
uniform-24,1,Read,10.8972
uniform-24,4,BFS,0.30057
uniform-24,4,PR,23.1338
uniform-24,4,1-HOP,0.315003
uniform-24,4,2-HOP,0.471035
uniform-24,4,Read,3.94958
uniform-24,8,BFS,0.171249
uniform-24,8,PR,12.1712
uniform-24,8,1-HOP,0.349936
uniform-24,8,2-HOP,0.444009
uniform-24,8,Read,1.96841
uniform-24,12,BFS,0.154231
uniform-24,12,PR,10.392
uniform-24,12,1-HOP,0.353369
uniform-24,12,2-HOP,0.440281
uniform-24,12,Read,1.3607
uniform-24,16,1-HOP,0.366202
uniform-24,16,2-HOP,0.450389
uniform-24,16,Read,1.0625
orkut,1,BFS,0.187841
orkut,1,PR,17.402
orkut,1,1-HOP,0.0131913
orkut,1,2-HOP,0.184099
orkut,1,Read,4.99365
orkut,4,BFS,0.137473
orkut,4,PR,5.54524
orkut,4,1-HOP,0.064041
orkut,4,2-HOP,0.101932
orkut,4,Read,1.85233
orkut,8,BFS,0.0699303
orkut,8,PR,2.55991
orkut,8,1-HOP,0.0731423
orkut,8,2-HOP,0.108663
orkut,8,Read,0.839567
orkut,12,BFS,0.060328
orkut,12,PR,2.21758
orkut,12,1-HOP,0.0753063
orkut,12,2-HOP,0.107195
orkut,12,Read,0.637384
orkut,16,1-HOP,0.080448
orkut,16,2-HOP,0.109964
orkut,16,Read,0.509498
graph_20_30,16,BFS,0.00859933
graph_20_30,16,PR,0.267426
graph_20_30,16,1-HOP,0.0259887
graph_20_30,16,2-HOP,0.0319003
graph_20_30,16,Read,0.193726
graph_21_30,16,BFS,0.0177437
graph_21_30,16,PR,0.56476
graph_21_30,16,1-HOP,0.053747
graph_21_30,16,2-HOP,0.0650343
graph_21_30,16,Read,0.492001
graph_20_30,16,BFS,0.008429
graph_20_30,16,PR,0.250714
graph_20_30,16,1-HOP,0.0246897
graph_20_30,16,2-HOP,0.0306213
graph_20_30,16,Read,0.19299
graph_21_30,16,BFS,0.018675
graph_21_30,16,PR,0.705745
graph_21_30,16,1-HOP,0.0492183
graph_21_30,16,2-HOP,0.06313
graph_21_30,16,Read,0.471203
graph_22_30,16,BFS,0.0412297
graph_22_30,16,PR,1.31835
graph_22_30,16,1-HOP,0.109796
graph_22_30,16,2-HOP,0.129959
graph_22_30,16,Read,1.05364
graph_23_30,16,BFS,0.0812
graph_23_30,16,PR,2.72552
graph_23_30,16,1-HOP,0.219939
graph_23_30,16,2-HOP,0.276347
graph_23_30,16,Read,2.53587
graph_24_30,16,BFS,0.158873
graph_24_30,16,PR,6.25471
graph_24_30,16,1-HOP,0.459655
graph_24_30,16,2-HOP,0.542877
graph_24_30,16,Read,5.69102
graph_25_30,16,BFS,0.330403
graph_25_30,16,PR,14.8877
graph_25_30,16,1-HOP,0.940976
graph_25_30,16,2-HOP,1.13969
graph_25_30,16,Read,12.6367
graph_26_30,16,BFS,1.97154
graph_26_30,16,PR,33.1661
graph_26_30,16,1-HOP,1.91848
graph_26_30,16,2-HOP,2.21398
graph_26_30,16,Read,30.0679
graph_23_10,16,BFS,0.0787287
graph_23_10,16,PR,1.58946
graph_23_10,16,1-HOP,0.214871
graph_23_10,16,2-HOP,0.255376
graph_23_10,16,Read,0.423388
graph_23_20,16,BFS,0.070865
graph_23_20,16,PR,2.52342
graph_23_20,16,1-HOP,0.217826
graph_23_20,16,2-HOP,0.26222
graph_23_20,16,Read,1.27984
graph_23_30,16,BFS,0.077
graph_23_30,16,PR,3.45717
graph_23_30,16,1-HOP,0.21948
graph_23_30,16,2-HOP,0.26588
graph_23_30,16,Read,2.5246
graph_23_40,16,BFS,0.0875903
graph_23_40,16,PR,4.41224
graph_23_40,16,1-HOP,0.221473
graph_23_40,16,2-HOP,0.26834
graph_23_40,16,Read,4.11458
graph_23_50,16,BFS,0.0895527
graph_23_50,16,PR,4.71592
graph_23_50,16,1-HOP,0.222859
graph_23_50,16,2-HOP,0.270468
graph_23_50,16,Read,6.09228
graph_23_60,16,BFS,0.0959123
graph_23_60,16,PR,5.7212
graph_23_60,16,1-HOP,0.224227
graph_23_60,16,2-HOP,0.27179
graph_23_60,16,Read,8.04058
graph_23_70,16,BFS,0.0965343
graph_23_70,16,PR,5.52932
graph_23_70,16,1-HOP,0.223791
graph_23_70,16,2-HOP,0.272401
graph_23_70,16,Read,10.9782
uniform-24,1,BFS,1.45734
uniform-24,1,PR,219.777
uniform-24,1,1-HOP,0.341368
uniform-24,1,2-HOP,5.76969
uniform-24,1,Read,21.3964
uniform-24,4,BFS,0.570811
uniform-24,4,PR,74.6519
uniform-24,4,1-HOP,0.40719
uniform-24,4,2-HOP,1.95493
uniform-24,4,Read,7.19628
uniform-24,8,BFS,0.44037
uniform-24,8,PR,39.2714
uniform-24,8,1-HOP,0.46608
uniform-24,8,2-HOP,0.975191
uniform-24,8,Read,3.57111
uniform-24,12,BFS,0.307305
uniform-24,12,PR,32.1242
uniform-24,12,1-HOP,0.456447
uniform-24,12,2-HOP,0.726997
uniform-24,12,Read,2.47706
orkut,1,BFS,0.423889
orkut,1,PR,40.5931
orkut,1,1-HOP,0.111767
orkut,1,2-HOP,7.86665
orkut,1,Read,10.421
orkut,4,BFS,0.267365
orkut,4,PR,13.8382
orkut,4,1-HOP,0.0993347
orkut,4,2-HOP,2.13137
orkut,4,Read,3.54861
orkut,8,BFS,0.157928
orkut,8,PR,7.61435
orkut,8,1-HOP,0.113139
orkut,8,2-HOP,1.07212
orkut,8,Read,1.65135
orkut,12,BFS,0.109815
orkut,12,PR,6.60772
orkut,12,1-HOP,0.112301
orkut,12,2-HOP,0.989876
orkut,12,Read,1.17709
graph_20_30,16,BFS,0.024209
graph_20_30,16,PR,0.95886
graph_20_30,16,1-HOP,0.033916
graph_20_30,16,2-HOP,0.407669
graph_20_30,16,Read,0.344276
graph_21_30,16,BFS,0.0542257
graph_21_30,16,PR,1.93706
graph_21_30,16,1-HOP,0.0655983
graph_21_30,16,2-HOP,0.721064
graph_21_30,16,Read,0.738754
graph_22_30,16,BFS,0.0970573
graph_22_30,16,PR,4.12553
graph_22_30,16,1-HOP,0.137605
graph_22_30,16,2-HOP,1.77218
graph_22_30,16,Read,1.76922
graph_23_30,16,BFS,0.187014
graph_23_30,16,PR,8.18985
graph_23_30,16,1-HOP,0.275421
graph_23_30,16,2-HOP,3.76449
graph_23_30,16,Read,4.07174
graph_24_30,16,BFS,0.392835
graph_24_30,16,PR,18.355
graph_24_30,16,1-HOP,0.573653
graph_24_30,16,2-HOP,8.61177
graph_24_30,16,Read,9.23788
graph_25_30,16,BFS,0.791118
graph_25_30,16,PR,45.0403
graph_25_30,16,1-HOP,1.123
graph_25_30,16,2-HOP,24.5274
graph_25_30,16,Read,20.5032
graph_26_30,16,BFS,1.62716
graph_26_30,16,PR,103.812
graph_26_30,16,1-HOP,2.25787
graph_26_30,16,2-HOP,42.1239
graph_26_30,16,Read,45.6685
graph_23_10,16,BFS,0.172973
graph_23_10,16,PR,3.5378
graph_23_10,16,1-HOP,0.266846
graph_23_10,16,2-HOP,0.456805
graph_23_10,16,Read,0.719635
graph_23_20,16,BFS,0.17183
graph_23_20,16,PR,5.87994
graph_23_20,16,1-HOP,0.271547
graph_23_20,16,2-HOP,1.70635
graph_23_20,16,Read,2.08397
graph_23_30,16,BFS,0.195784
graph_23_30,16,PR,8.53815
graph_23_30,16,1-HOP,0.274348
graph_23_30,16,2-HOP,3.68486
graph_23_30,16,Read,4.04307
graph_23_40,16,BFS,0.206521
graph_23_40,16,PR,11.7286
graph_23_40,16,1-HOP,0.281998
graph_23_40,16,2-HOP,6.65688
graph_23_40,16,Read,6.60765
graph_23_50,16,BFS,0.21875
graph_23_50,16,PR,14.4573
graph_23_50,16,1-HOP,0.284344
graph_23_50,16,2-HOP,10.4399
graph_23_50,16,Read,9.63987
graph_23_60,16,BFS,0.231252
graph_23_60,16,PR,17.0042
graph_23_60,16,1-HOP,0.281575
graph_23_60,16,2-HOP,15.4171
graph_23_60,16,Read,13.3116
graph_23_70,16,BFS,0.257854
graph_23_70,16,PR,18.6035
graph_23_70,16,1-HOP,0.281431
graph_23_70,16,2-HOP,21.4419
graph_23_70,16,Read,17.4117
uniform-24,1,BFS,0.705534
uniform-24,1,BFS,0.850283
uniform-24,1,PR,62.0829
uniform-24,1,1-HOP,0.075393
uniform-24,1,2-HOP,0.832456
uniform-24,1,Read,3.3396
uniform-24,4,BFS,0.520843
uniform-24,4,PR,23.6272
uniform-24,4,1-HOP,0.318717
uniform-24,4,2-HOP,0.474592
uniform-24,4,Read,1.30397
uniform-24,8,BFS,0.357344
uniform-24,8,PR,12.5943
uniform-24,8,1-HOP,0.37009
uniform-24,8,2-HOP,0.43511
uniform-24,8,Read,0.520477
uniform-24,12,BFS,0.227126
uniform-24,12,PR,10.1387
uniform-24,12,1-HOP,0.367551
uniform-24,12,2-HOP,0.433298
uniform-24,12,Read,0.506591
uniform-24,16,BFS,0.172537
uniform-24,16,PR,9.77977
uniform-24,16,1-HOP,0.371205
uniform-24,16,2-HOP,0.441853
uniform-24,16,Read,0.367661
orkut,1,BFS,0.201009
orkut,1,PR,12.7052
orkut,1,1-HOP,0.021725
orkut,1,2-HOP,0.243757
orkut,1,Read,1.82549
orkut,4,BFS,0.223961
orkut,4,PR,5.77708
orkut,4,1-HOP,0.083803
orkut,4,2-HOP,0.151259
orkut,4,Read,0.891056
orkut,8,BFS,0.149191
orkut,8,PR,2.84445
orkut,8,1-HOP,0.088362
orkut,8,2-HOP,0.112974
orkut,8,Read,0.426465
orkut,12,BFS,0.079615
orkut,12,PR,2.36129
orkut,12,1-HOP,0.087114
orkut,12,2-HOP,0.11116
orkut,12,Read,0.260755
orkut,16,BFS,0.064449
orkut,16,PR,2.28279
orkut,16,1-HOP,0.089564
orkut,16,2-HOP,0.109426
orkut,16,Read,0.289929
graph_20_30,16,BFS,0.023292
graph_20_30,16,PR,0.253706
graph_20_30,16,1-HOP,0.027455
graph_20_30,16,2-HOP,0.032203
graph_20_30,16,Read,0.049954
graph_21_30,16,BFS,0.031298
graph_21_30,16,PR,0.516981
graph_21_30,16,1-HOP,0.05965
graph_21_30,16,2-HOP,0.066718
graph_21_30,16,Read,0.106516
graph_22_30,16,BFS,0.058828
graph_22_30,16,PR,1.196
graph_22_30,16,1-HOP,0.11921
graph_22_30,16,2-HOP,0.133183
graph_22_30,16,Read,0.287486
graph_23_30,16,BFS,0.086654
graph_23_30,16,PR,2.76694
graph_23_30,16,1-HOP,0.240415
graph_23_30,16,2-HOP,0.273378
graph_23_30,16,Read,0.624636
graph_24_30,16,BFS,0.166118
graph_24_30,16,PR,7.19818
graph_24_30,16,1-HOP,0.48187
graph_24_30,16,2-HOP,0.557546
graph_24_30,16,Read,1.52593
graph_25_30,16,BFS,0.323423
graph_25_30,16,PR,17.6944
graph_25_30,16,1-HOP,0.947249
graph_25_30,16,2-HOP,1.10511
graph_25_30,16,Read,2.8913
graph_26_30,16,BFS,1.8123
graph_26_30,16,PR,39.1448
graph_26_30,16,1-HOP,1.91209
graph_26_30,16,2-HOP,2.22176
graph_26_30,16,Read,6.28146
graph_23_10,16,BFS,0.093343
graph_23_10,16,PR,1.22294
graph_23_10,16,1-HOP,0.236619
graph_23_10,16,2-HOP,0.303069
graph_23_10,16,Read,0.212698
graph_23_20,16,BFS,0.083654
graph_23_20,16,PR,2.24317
graph_23_20,16,1-HOP,0.247928
graph_23_20,16,2-HOP,0.292387
graph_23_20,16,Read,0.436464
graph_23_30,16,BFS,0.10547
graph_23_30,16,PR,2.7612
graph_23_30,16,1-HOP,0.236857
graph_23_30,16,2-HOP,0.310374
graph_23_30,16,Read,0.78185
graph_23_40,16,BFS,0.087769
graph_23_40,16,PR,4.32251
graph_23_40,16,1-HOP,0.243794
graph_23_40,16,2-HOP,0.284189
graph_23_40,16,Read,0.907237
graph_23_50,16,BFS,0.09531
graph_23_50,16,PR,5.19862
graph_23_50,16,1-HOP,0.246989
graph_23_50,16,2-HOP,0.275504
graph_23_50,16,Read,1.20245
graph_23_60,16,BFS,0.118282
graph_23_60,16,PR,6.22743
graph_23_60,16,1-HOP,0.238562
graph_23_60,16,2-HOP,0.280097
graph_23_60,16,Read,1.55431
graph_23_70,16,BFS,0.104312
graph_23_70,16,PR,6.63122
graph_23_70,16,1-HOP,0.244045
graph_23_70,16,2-HOP,0.285203
graph_23_70,16,Read,1.46137
