orkut,16,1-HOP,0.114184
orkut,16,2-HOP,2.81231
orkut,16,BFS,0.0917187
orkut,16,SSSP,0.763818
orkut,16,PR,4.10607
orkut,16,CC,0.830169
orkut,16,LP,13.682
orkut,16,Read,0.499446
orkut,16,TC,47.8906
uniform-24,16,1-HOP,0.470392
uniform-24,16,2-HOP,2.27361
uniform-24,16,BFS,0.218725
uniform-24,16,SSSP,2.76366
uniform-24,16,PR,12.1182
uniform-24,16,CC,2.58555
uniform-24,16,LP,35.3739
uniform-24,16,Read,1.1682
uniform-24,16,TC,18.249
livejournal,16,Read,0.078152
livejournal,16,1-HOP,0.165312
livejournal,16,2-HOP,0.248093
livejournal,16,BFS,0.14375
livejournal,16,SSSP,1.58795
livejournal,16,PR,4.22702
livejournal,16,CC,0.956016
livejournal,16,LP,17.2365
livejournal,16,TC,10.2054
graph500-24,16,Read,0.749268
graph500-24,16,1-HOP,0.587436
graph500-24,16,2-HOP,73.9314
graph500-24,16,BFS,0.603977
graph500-24,16,SSSP,5.99651
graph500-24,16,PR,28.5154
graph500-24,16,CC,6.16293
graph500-24,16,LP,157.471
graph500-24,16,TC,2621.2
