orkut,1,e,insert,100000,1.92015e+06
uniform-24,1,e,insert,100000,1.78704e+06
orkut,4,e,insert,100000,1.94862e+06
uniform-24,4,e,insert,100000,1.80942e+06
orkut,8,e,insert,100000,1.93695e+06
uniform-24,8,e,insert,100000,1.69968e+06
orkut,12,e,insert,100000,1.94409e+06
uniform-24,12,e,insert,100000,1.70835e+06
orkut,16,e,insert,100000,1.94091e+06
uniform-24,16,e,insert,100000,1.75674e+06
uniform-24,1,BFS,2.30274
uniform-24,1,PR,355.351
uniform-24,1,1-HOP,0.413479
uniform-24,1,2-HOP,21.2339
uniform-24,1,Read,10.5576
uniform-24,4,BFS,1.37859
uniform-24,4,PR,118.331
uniform-24,4,1-HOP,0.448285
uniform-24,4,2-HOP,7.84477
uniform-24,4,Read,3.55579
uniform-24,8,BFS,1.06303
uniform-24,8,PR,60.0827
uniform-24,8,1-HOP,0.492307
uniform-24,8,2-HOP,3.76145
uniform-24,8,Read,1.86615
uniform-24,12,BFS,0.524396
uniform-24,12,PR,49.9887
uniform-24,12,1-HOP,0.479068
uniform-24,12,2-HOP,2.84753
uniform-24,12,Read,1.33829
orkut,1,BFS,0.615936
orkut,1,PR,81.1459
orkut,1,1-HOP,0.137153
orkut,1,2-HOP,29.9375
orkut,1,Read,5.41393
orkut,4,BFS,0.362466
orkut,4,PR,27.6435
orkut,4,1-HOP,0.103693
orkut,4,2-HOP,9.16997
orkut,4,Read,1.64618
orkut,8,BFS,0.183228
orkut,8,PR,14.1578
orkut,8,1-HOP,0.109424
orkut,8,2-HOP,4.46574
orkut,8,Read,0.986198
orkut,12,BFS,0.184512
orkut,12,PR,11.2279
orkut,12,1-HOP,0.109915
orkut,12,2-HOP,3.26488
orkut,12,Read,0.702255
graph_23_10,16,BFS,0.204964
graph_23_10,16,PR,4.37705
graph_23_10,16,1-HOP,0.281387
graph_23_10,16,2-HOP,0.333025
graph_23_10,16,Read,0.237858
graph_23_10,16,e,insert,100000,359389
graph_23_20,16,BFS,0.219622
graph_23_20,16,PR,7.49621
graph_23_20,16,1-HOP,0.28064
graph_23_20,16,2-HOP,0.848379
graph_23_20,16,Read,0.585086
graph_23_20,16,e,insert,100000,175938
graph_23_30,16,BFS,0.20366
graph_23_30,16,PR,8.58694
graph_23_30,16,1-HOP,0.281278
graph_23_30,16,2-HOP,1.10916
graph_23_30,16,Read,0.717424
graph_23_30,16,e,insert,100000,142558
graph_23_40,16,BFS,0.183287
graph_23_40,16,PR,8.94523
graph_23_40,16,1-HOP,0.2864
graph_23_40,16,2-HOP,1.36431
graph_23_40,16,Read,0.911505
graph_23_40,16,e,insert,100000,119535
graph_23_50,16,BFS,0.260361
graph_23_50,16,PR,15.6654
graph_23_50,16,1-HOP,0.287282
graph_23_50,16,2-HOP,2.68135
graph_23_50,16,Read,1.53313
graph_23_50,16,e,insert,100000,66573.7
graph_23_60,16,BFS,0.233873
graph_23_60,16,PR,14.7985
graph_23_60,16,1-HOP,0.284952
graph_23_60,16,2-HOP,3.1209
graph_23_60,16,Read,1.84231
graph_23_60,16,e,insert,100000,57105.5
graph_23_70,16,BFS,0.240152
graph_23_70,16,PR,15.7825
graph_23_70,16,1-HOP,0.286569
graph_23_70,16,2-HOP,3.49083
graph_23_70,16,Read,2.05226
graph_23_70,16,e,insert,100000,51290.6
graph_20_30,16,BFS,0.00906533
graph_20_30,16,PR,0.206005
graph_20_30,16,1-HOP,0.00927833
graph_20_30,16,2-HOP,0.00924033
graph_20_30,16,Read,0.047173
graph_20_30,16,e,insert,100000,1.76218e+06
graph_21_30,16,BFS,0.0185973
graph_21_30,16,PR,0.571226
graph_21_30,16,1-HOP,0.0181237
graph_21_30,16,2-HOP,0.0182427
graph_21_30,16,Read,0.114249
graph_21_30,16,e,insert,100000,2.01705e+06
graph_22_30,16,BFS,0.039247
graph_22_30,16,PR,1.37209
graph_22_30,16,1-HOP,0.036042
graph_22_30,16,2-HOP,0.0360193
graph_22_30,16,Read,0.236372
graph_22_30,16,e,insert,100000,1.69427e+06
graph_23_30,16,BFS,0.0941467
graph_23_30,16,PR,2.7933
graph_23_30,16,1-HOP,0.0719193
graph_23_30,16,2-HOP,0.071513
graph_23_30,16,Read,0.571346
graph_23_30,16,e,insert,100000,1.44374e+06
graph_24_30,16,BFS,0.169883
graph_24_30,16,PR,6.44602
graph_24_30,16,1-HOP,0.142521
graph_24_30,16,2-HOP,0.143636
graph_24_30,16,Read,1.1848
graph_24_30,16,e,insert,100000,1.43278e+06
graph_25_30,16,BFS,0.33206
graph_25_30,16,PR,14.1146
graph_25_30,16,1-HOP,0.287051
graph_25_30,16,2-HOP,0.287773
graph_25_30,16,Read,2.73485
graph_25_30,16,e,insert,100000,1.16046e+06
graph_23_10,16,BFS,0.200282
graph_23_10,16,PR,4.42351
graph_23_10,16,1-HOP,0.279344
graph_23_10,16,2-HOP,0.325026
graph_23_10,16,Read,0.242835
graph_23_10,16,e,insert,100000,484729
graph_23_20,16,BFS,0.208573
graph_23_20,16,PR,8.26551
graph_23_20,16,1-HOP,0.283761
graph_23_20,16,2-HOP,0.860783
graph_23_20,16,Read,0.578713
graph_23_20,16,e,insert,100000,202856
graph_23_30,16,BFS,0.202565
graph_23_30,16,PR,8.41409
graph_23_30,16,1-HOP,0.283288
graph_23_30,16,2-HOP,1.15893
graph_23_30,16,Read,0.755397
graph_23_30,16,e,insert,100000,149483
graph_23_40,16,BFS,0.192723
graph_23_40,16,PR,8.71488
graph_23_40,16,1-HOP,0.280852
graph_23_40,16,2-HOP,1.3695
graph_23_40,16,Read,0.951273
graph_23_40,16,e,insert,100000,110865
graph_23_50,16,BFS,0.253847
graph_23_50,16,PR,15.6633
graph_23_50,16,1-HOP,0.29472
graph_23_50,16,2-HOP,2.81477
graph_23_50,16,Read,1.60067
graph_23_50,16,e,insert,100000,69497.1
graph_23_60,16,BFS,0.232778
graph_23_60,16,PR,15.1733
graph_23_60,16,1-HOP,0.288303
graph_23_60,16,2-HOP,3.17916
graph_23_60,16,Read,1.88114
graph_23_60,16,e,insert,100000,55764.7
graph_23_70,16,BFS,0.234511
graph_23_70,16,PR,15.5253
graph_23_70,16,1-HOP,0.290238
graph_23_70,16,2-HOP,3.50989
graph_23_70,16,Read,2.06805
graph_23_70,16,e,insert,100000,52381.3
graph_20_30,16,BFS,0.025393
graph_20_30,16,PR,0.910986
graph_20_30,16,1-HOP,0.0327463
graph_20_30,16,2-HOP,0.084068
graph_20_30,16,Read,0.0688483
graph_20_30,16,e,insert,100000,1.45764e+06
graph_21_30,16,BFS,0.0475187
graph_21_30,16,PR,1.65625
graph_21_30,16,1-HOP,0.0685463
graph_21_30,16,2-HOP,0.200378
graph_21_30,16,Read,0.150242
graph_21_30,16,e,insert,100000,647534
graph_22_30,16,BFS,0.100578
graph_22_30,16,PR,3.66246
graph_22_30,16,1-HOP,0.142757
graph_22_30,16,2-HOP,0.463203
graph_22_30,16,Read,0.335268
graph_22_30,16,e,insert,100000,301758
graph_23_30,16,BFS,0.203286
graph_23_30,16,PR,8.37008
graph_23_30,16,1-HOP,0.286668
graph_23_30,16,2-HOP,1.09978
graph_23_30,16,Read,0.755235
graph_23_30,16,e,insert,100000,146393
graph_24_30,16,BFS,0.446959
graph_24_30,16,PR,20.3126
graph_24_30,16,1-HOP,0.573434
graph_24_30,16,2-HOP,2.59449
graph_24_30,16,Read,1.50819
graph_24_30,16,e,insert,100000,69101.6
graph_25_30,16,BFS,0.825803
graph_25_30,16,PR,45.718
graph_25_30,16,1-HOP,1.17311
graph_25_30,16,2-HOP,5.92201
graph_25_30,16,Read,3.40506
graph_25_30,16,e,insert,100000,29739.8
