livejournal,16,BFS,0.354885
livejournal,16,PR,6.35373
livejournal,16,SSSP,2.14301
livejournal,16,CC,1.41796
livejournal,16,LP,16.6237
livejournal,16,TC,65.2795
livejournal,16,1-HOP,0.550773
livejournal,16,2-HOP,1.09555
orkut,16,1-HOP,1.15038
orkut,16,2-HOP,0.657466
orkut,16,BFS,0.136219
orkut,16,SSSP,4.41964
orkut,16,PR,17.7899
orkut,16,CC,3.53339
orkut,16,TC,999.207
orkut,16,LP,37.4299
uniform-24,16,1-HOP,8.81625
uniform-24,16,2-HOP,15.4092
uniform-24,16,BFS,0.667812
uniform-24,16,SSSP,25.1017
uniform-24,16,PR,80.9691
uniform-24,16,CC,23.8377
uniform-24,16,TC,366.774
uniform-24,16,LP,155.408
graph500-24,16,1-HOP,3.39995
graph500-24,16,2-HOP,4.49273
graph500-24,16,BFS,0.67234
graph500-24,16,SSSP,14.2269
graph500-24,16,PR,66.5549
graph500-24,16,CC,19.0188
twitter,16,1-HOP,16.2931
twitter,16,2-HOP,26.4415
twitter,16,BFS,4.30491
twitter,16,SSSP,31.8793
twitter,16,PR,157.851
twitter,16,CC,39.7681
