livejournal,16,e,insert,10,763359
livejournal,16,e,read,10,3.33333e+07
livejournal,16,e,delete,10,1.25e+07
livejournal,16,e,insert,100,1.16686e+06
livejournal,16,e,read,100,3.84615e+07
livejournal,16,e,delete,100,1.33333e+07
livejournal,16,e,insert,1000,1.38303e+06
livejournal,16,e,read,1000,1.58983e+07
livejournal,16,e,delete,1000,4.8852e+06
livejournal,16,e,insert,10000,1.54326e+06
livejournal,16,e,read,10000,8.98594e+06
livejournal,16,e,delete,10000,3.07673e+06
livejournal,16,e,insert,100000,1.75745e+06
livejournal,16,e,read,100000,6.50383e+06
livejournal,16,e,delete,100000,2.10385e+06
livejournal,16,e,insert,1000000,1.42326e+06
livejournal,16,e,read,1000000,4.08134e+06
livejournal,16,e,delete,1000000,1.49116e+06
livejournal,16,e,insert,10000000,843368
livejournal,16,e,read,10000000,1.84688e+06
livejournal,16,e,delete,10000000,878342
orkut,16,e,insert,100000,917712
orkut,16,e,read,100000,2.17009e+06
orkut,16,e,delete,100000,998783
twitter,16,e,insert,100000,1.16807e+06
twitter,16,e,read,100000,4.63257e+06
twitter,16,e,delete,100000,1.38001e+06
uniform-24,16,e,insert,100000,930258
uniform-24,16,e,read,100000,3.05159e+06
uniform-24,16,e,delete,100000,1.10553e+06
graph500-24,16,e,insert,100000,1.49854e+06
graph500-24,16,e,read,100000,5.62088e+06
graph500-24,16,e,delete,100000,1.78727e+06
friendster,16,e,insert,100000,616061
friendster,16,e,read,100000,3.82358e+06
friendster,16,e,delete,100000,1.06561e+06
orkut,1,e,insert,10,586510
orkut,1,e,delete,10,5.88235e+06
orkut,1,e,insert,100,721501
orkut,1,e,delete,100,5.71429e+06
orkut,1,e,insert,1000,818398
orkut,1,e,delete,1000,1.08927e+06
orkut,1,e,insert,10000,871209
orkut,1,e,delete,10000,989399
orkut,1,e,insert,100000,685189
orkut,1,e,delete,100000,830954
orkut,1,e,insert,1000000,572173
orkut,1,e,delete,1000000,744213
orkut,1,e,insert,10000000,679369
orkut,1,e,delete,10000000,723678
uniform-24,1,e,insert,10,56705.4
uniform-24,1,e,delete,10,5.88235e+06
uniform-24,1,e,insert,100,54536
uniform-24,1,e,delete,100,2.12314e+06
uniform-24,1,e,insert,1000,69509.6
uniform-24,1,e,delete,1000,1.06129e+06
uniform-24,1,e,insert,10000,106729
uniform-24,1,e,delete,10000,808221
uniform-24,1,e,insert,100000,232298
uniform-24,1,e,delete,100000,886678
uniform-24,1,e,insert,1000000,587709
uniform-24,1,e,delete,1000000,901226
uniform-24,1,e,insert,10000000,737540
uniform-24,1,e,delete,10000000,810118
