uniform-24,1,BFS,0.895388
uniform-24,1,PR,75.3643
uniform-24,1,1-HOP,0.009411
uniform-24,1,2-HOP,0.00942167
uniform-24,1,Read,7.84358
uniform-24,4,BFS,0.580448
uniform-24,4,PR,100.943
uniform-24,4,1-HOP,0.11627
uniform-24,4,2-HOP,0.119308
uniform-24,4,Read,3.29233
uniform-24,8,BFS,0.688326
uniform-24,8,PR,79.967
uniform-24,8,1-HOP,0.113934
uniform-24,8,2-HOP,0.110476
uniform-24,8,Read,1.50619
uniform-24,12,BFS,0.727992
uniform-24,12,PR,82.0626
uniform-24,12,1-HOP,0.120893
uniform-24,12,2-HOP,0.120407
uniform-24,12,Read,1.25144
uniform-24,1,e,insert,100000,413209
uniform-24,1,e,delete,100000,1.09979e+06
uniform-24,4,e,insert,100000,1.18043e+06
uniform-24,4,e,delete,100000,3.75343e+06
uniform-24,8,e,insert,100000,2.04038e+06
uniform-24,8,e,delete,100000,6.84095e+06
uniform-24,12,e,insert,100000,2.61778e+06
uniform-24,12,e,delete,100000,7.92578e+06
orkut,1,BFS,0.230856
orkut,1,PR,16.3908
orkut,1,1-HOP,0.00217433
orkut,1,2-HOP,0.00217367
orkut,1,Read,4.87306
orkut,4,BFS,0.147581
orkut,4,PR,18.5103
orkut,4,1-HOP,0.026012
orkut,4,2-HOP,0.0260393
orkut,4,Read,1.71145
orkut,8,BFS,0.139788
orkut,8,PR,17.7852
orkut,8,1-HOP,0.0293223
orkut,8,2-HOP,0.02855
orkut,8,Read,0.866337
orkut,12,BFS,0.129013
orkut,12,PR,17.8171
orkut,12,1-HOP,0.0282177
orkut,12,2-HOP,0.0279003
orkut,12,Read,0.670784
orkut,1,e,insert,100000,504684
orkut,1,e,delete,100000,957162
orkut,4,e,insert,100000,1.54229e+06
orkut,4,e,delete,100000,3.14621e+06
orkut,8,e,insert,100000,2.39728e+06
orkut,8,e,delete,100000,5.50992e+06
orkut,12,e,insert,100000,3.05001e+06
orkut,12,e,delete,100000,6.29087e+06

uniform-24,1,BFS,0.841515
uniform-24,1,PR,74.9375
uniform-24,1,1-HOP,0.589507
uniform-24,1,2-HOP,34.064
uniform-24,4,BFS,0.35236
uniform-24,4,PR,25.3901
uniform-24,4,1-HOP,0.391483
uniform-24,4,2-HOP,11.7579
uniform-24,8,BFS,0.231638
uniform-24,8,PR,12.3275
uniform-24,8,1-HOP,0.448867
uniform-24,8,2-HOP,5.10444
uniform-24,12,BFS,0.222401
uniform-24,12,PR,11.6747
uniform-24,12,1-HOP,0.457738
uniform-24,12,2-HOP,3.99005
orkut,1,BFS,0.235887
orkut,1,PR,16.6411
orkut,1,1-HOP,0.210016
orkut,1,2-HOP,60.4329
orkut,4,BFS,0.0944243
orkut,4,PR,6.03481
orkut,4,1-HOP,0.110258
orkut,4,2-HOP,17.2509
orkut,8,BFS,0.0529887
orkut,8,PR,2.95537
orkut,8,1-HOP,0.111004
orkut,8,2-HOP,8.12205
orkut,12,BFS,0.052013
orkut,12,PR,2.81671
orkut,12,1-HOP,0.109454
orkut,12,2-HOP,7.06013
graph_20_30,16,1-HOP,0.0349637
graph_20_30,16,2-HOP,0.212079
graph_20_30,16,e,insert,100000,2.11763e+06
graph_20_30,16,e,delete,100000,3.04729e+06
graph_21_30,16,1-HOP,0.0708407
graph_21_30,16,2-HOP,0.5271
graph_21_30,16,e,insert,100000,1.63283e+06
graph_21_30,16,e,delete,100000,3.10312e+06
graph_22_30,16,1-HOP,0.142214
graph_22_30,16,2-HOP,1.25563
graph_22_30,16,e,insert,100000,875488
graph_22_30,16,e,delete,100000,2.48394e+06
graph_23_30,16,1-HOP,0.284727
graph_23_30,16,2-HOP,3.03297
graph_23_30,16,e,insert,100000,1.17687e+06
graph_23_30,16,e,delete,100000,2.96955e+06
graph_24_30,16,1-HOP,0.571983
graph_24_30,16,2-HOP,7.39005
graph_24_30,16,e,insert,100000,633514
graph_24_30,16,e,delete,100000,2.32715e+06
graph_25_30,16,1-HOP,1.14819
graph_25_30,16,2-HOP,17.8525
graph_25_30,16,e,insert,100000,853432
graph_25_30,16,e,delete,100000,3.10472e+06
graph_26_30,16,1-HOP,2.30438
graph_26_30,16,2-HOP,42.8082
graph_26_30,16,e,insert,100000,673866
graph_26_30,16,e,delete,100000,2.51921e+06
graph_23_10,16,1-HOP,0.281914
graph_23_10,16,2-HOP,0.631243
graph_23_10,16,e,insert,100000,2.00958e+06
graph_23_10,16,e,delete,100000,2.79361e+06
graph_23_20,16,1-HOP,0.284293
graph_23_20,16,2-HOP,1.67903
graph_23_20,16,e,insert,100000,1.88552e+06
graph_23_20,16,e,delete,100000,2.6662e+06
graph_23_30,16,1-HOP,0.284941
graph_23_30,16,2-HOP,3.00591
graph_23_30,16,e,insert,100000,2.16485e+06
graph_23_30,16,e,delete,100000,3.01069e+06
graph_23_40,16,1-HOP,0.286204
graph_23_40,16,2-HOP,4.51884
graph_23_40,16,e,insert,100000,1.92072e+06
graph_23_40,16,e,delete,100000,2.70004e+06
graph_23_50,16,1-HOP,0.286565
graph_23_50,16,2-HOP,6.21332
graph_23_50,16,e,insert,100000,921487
graph_23_50,16,e,delete,100000,1.70679e+06
graph_23_60,16,1-HOP,0.282297
graph_23_60,16,2-HOP,8.06246
graph_23_60,16,e,insert,100000,1.16311e+06
graph_23_60,16,e,delete,100000,3.07278e+06
graph_23_70,16,1-HOP,0.283151
graph_23_70,16,2-HOP,10.0147
graph_23_70,16,e,insert,100000,1.22597e+06
graph_23_70,16,e,delete,100000,2.88214e+06
graph_20_30,16,BFS,0.048135
graph_20_30,16,PR,0.898065
graph_20_30,16,Read,0.195035
graph_20_30,16,e,insert,100000,2.03485e+06
graph_20_30,16,e,delete,100000,4.29599e+06
graph_21_30,16,BFS,0.100596
graph_21_30,16,PR,1.96252
graph_21_30,16,Read,0.435211
graph_21_30,16,e,insert,100000,1.819e+06
graph_21_30,16,e,delete,100000,3.96417e+06
graph_22_30,16,BFS,0.20921
graph_22_30,16,PR,4.03993
graph_22_30,16,Read,1.05687
graph_22_30,16,e,insert,100000,2.11947e+06
graph_22_30,16,e,delete,100000,3.66526e+06
graph_23_30,16,BFS,0.431931
graph_23_30,16,PR,8.81995
graph_23_30,16,Read,2.38024
graph_23_30,16,e,insert,100000,1.04835e+06
graph_23_30,16,e,delete,100000,3.00971e+06
graph_24_30,16,BFS,0.904659
graph_24_30,16,PR,19.801
graph_24_30,16,Read,5.58949
graph_24_30,16,e,insert,100000,1.41664e+06
graph_24_30,16,e,delete,100000,3.47221e+06
graph_25_30,16,BFS,1.94005
graph_25_30,16,PR,45.1344
graph_25_30,16,Read,13.1101
graph_25_30,16,e,insert,100000,747091
graph_25_30,16,e,delete,100000,1.99812e+06
graph_26_30,16,BFS,4.17133
graph_26_30,16,PR,102.625
graph_26_30,16,Read,31.4171
graph_26_30,16,e,insert,100000,1.06081e+06
graph_26_30,16,e,delete,100000,3.45499e+06
graph_23_10,16,BFS,0.410471
graph_23_10,16,PR,4.87918
graph_23_10,16,Read,0.454108
graph_23_10,16,e,insert,100000,2.74496e+06
graph_23_10,16,e,delete,100000,4.73453e+06
graph_23_20,16,BFS,0.464619
graph_23_20,16,PR,6.86053
graph_23_20,16,Read,1.27222
graph_23_20,16,e,insert,100000,2.72019e+06
graph_23_20,16,e,delete,100000,3.85488e+06
graph_23_30,16,BFS,0.44006
graph_23_30,16,PR,8.57498
graph_23_30,16,Read,2.34842
graph_23_30,16,e,insert,100000,2.01739e+06
graph_23_30,16,e,delete,100000,3.02839e+06
graph_23_40,16,BFS,0.44813
graph_23_40,16,PR,10.5008
graph_23_40,16,Read,3.61409
graph_23_40,16,e,insert,100000,2.01611e+06
graph_23_40,16,e,delete,100000,3.39009e+06
graph_23_50,16,BFS,0.46135
graph_23_50,16,PR,12.003
graph_23_50,16,Read,5.07489
graph_23_50,16,e,insert,100000,1.53016e+06
graph_23_50,16,e,delete,100000,3.05413e+06
graph_23_60,16,BFS,0.454976
graph_23_60,16,PR,13.4756
graph_23_60,16,Read,6.67139
graph_23_60,16,e,insert,100000,1.09027e+06
graph_23_60,16,e,delete,100000,2.54385e+06
graph_23_70,16,BFS,0.495661
graph_23_70,16,PR,14.7799
graph_23_70,16,Read,8.5545
graph_23_70,16,e,insert,100000,1.20873e+06
graph_23_70,16,e,delete,100000,2.80414e+06
livejournal,1,BFS,1.46985
livejournal,1,PR,30.413
livejournal,1,Read,1.15005
livejournal,1,1-HOP,0.118302
livejournal,1,2-HOP,4.62571
livejournal,4,BFS,0.516031
livejournal,4,PR,11.2775
livejournal,4,Read,0.537118
livejournal,4,1-HOP,0.144362
livejournal,4,2-HOP,1.56233
livejournal,8,BFS,0.296459
livejournal,8,PR,5.31864
livejournal,8,Read,0.232402
livejournal,8,1-HOP,0.166196
livejournal,8,2-HOP,0.767477
livejournal,12,BFS,0.261775
livejournal,12,PR,4.23922
livejournal,12,Read,0.193377
livejournal,12,1-HOP,0.169145
livejournal,12,2-HOP,0.614467
livejournal,16,BFS,0.204094
livejournal,16,PR,3.54223
livejournal,16,Read,0.126148
livejournal,16,1-HOP,0.169042
livejournal,16,2-HOP,0.530604
livejournal,1,e,insert,100000,389548
livejournal,1,e,delete,100000,1.02283e+06
livejournal,4,e,insert,100000,2.75778e+06
livejournal,4,e,delete,100000,3.77786e+06
livejournal,8,e,insert,100000,3.21906e+06
livejournal,8,e,delete,100000,6.69031e+06
livejournal,12,e,insert,100000,3.9265e+06
livejournal,12,e,delete,100000,9.80488e+06
livejournal,16,e,insert,100000,5.67022e+06
livejournal,16,e,delete,100000,1.20106e+07
graph500-24,1,BFS,5.11727
graph500-24,1,PR,299.085
graph500-24,1,Read,17.4519
graph500-24,1,1-HOP,0.786603
graph500-24,1,2-HOP,2079.87
graph500-24,4,BFS,1.9358
graph500-24,4,PR,92.9403
graph500-24,4,Read,4.80699
graph500-24,4,1-HOP,0.452101
graph500-24,4,2-HOP,521.827
graph500-24,8,BFS,1.03059
graph500-24,8,PR,43.8616
graph500-24,8,Read,2.47088
graph500-24,8,1-HOP,0.573488
graph500-24,8,2-HOP,256.16
graph500-24,12,BFS,0.819141
graph500-24,12,PR,36.2651
graph500-24,12,Read,1.94272
graph500-24,12,1-HOP,0.591686
graph500-24,12,2-HOP,232.164
graph500-24,16,BFS,0.710195
graph500-24,16,PR,31.9899
graph500-24,16,Read,1.59946
graph500-24,16,1-HOP,0.581769
graph500-24,16,2-HOP,211.786
graph500-24,1,e,insert,100000,359323
graph500-24,1,e,delete,100000,980652
graph500-24,4,e,insert,100000,2.44361e+06
graph500-24,4,e,delete,100000,3.334e+06
graph500-24,8,e,insert,100000,4.434e+06
graph500-24,8,e,delete,100000,5.96552e+06
graph500-24,12,e,insert,100000,5.66701e+06
graph500-24,12,e,delete,100000,8.42957e+06
graph500-24,16,e,insert,100000,6.1908e+06
graph500-24,16,e,delete,100000,1.08897e+07
