graph_20_30,16,BFS,0.000271082
graph_20_30,16,BFS,0.000364542
graph_20_30,16,BFS,0.02282
graph_20_30,16,PR,0.128229
graph_20_30,16,1-HOP,0.0205405
graph_20_30,16,2-HOP,0.086975
graph_20_30,16,Read,0.0869045
graph_20_30,16,e,insert,100000,7.14224e+06
graph_20_30,16,e,delete,100000,7.28961e+06
graph_21_30,16,BFS,0.0456901
graph_21_30,16,PR,0.286894
graph_21_30,16,1-HOP,0.045915
graph_21_30,16,2-HOP,0.220369
graph_21_30,16,Read,0.228482
graph_21_30,16,e,insert,100000,5.17607e+06
graph_21_30,16,e,delete,100000,5.4117e+06
graph_22_30,16,BFS,0.0898949
graph_22_30,16,PR,0.614066
graph_22_30,16,1-HOP,0.115637
graph_22_30,16,2-HOP,0.568246
graph_22_30,16,Read,0.5957
graph_22_30,16,e,insert,100000,3.76997e+06
graph_22_30,16,e,delete,100000,4.00549e+06
graph_23_30,16,BFS,0.181286
graph_23_30,16,PR,1.31947
graph_23_30,16,1-HOP,0.277355
graph_23_30,16,2-HOP,1.41865
graph_23_30,16,Read,1.52908
graph_23_30,16,e,insert,100000,3.17703e+06
graph_23_30,16,e,delete,100000,3.43217e+06
graph_24_30,16,BFS,0.249221
graph_24_30,16,PR,2.84616
graph_24_30,16,1-HOP,0.66753
graph_24_30,16,2-HOP,3.40383
graph_24_30,16,Read,3.86376
graph_24_30,16,e,insert,100000,2.54844e+06
graph_24_30,16,e,delete,100000,2.78849e+06
graph_25_30,16,BFS,0.501497
graph_25_30,16,PR,6.41014
graph_25_30,16,1-HOP,1.57022
graph_25_30,16,2-HOP,8.37215
graph_25_30,16,Read,9.55933
graph_25_30,16,e,insert,100000,1.95238e+06
graph_25_30,16,e,delete,100000,2.31014e+06
graph_26_30,16,BFS,1.04202
graph_26_30,16,PR,14.6411
graph_26_30,16,1-HOP,3.66878
graph_26_30,16,2-HOP,20.2394
graph_26_30,16,Read,23.7865
graph_26_30,16,e,insert,100000,1.81835e+06
graph_26_30,16,e,delete,100000,1.91986e+06
graph_23_10,16,BFS,0.127571
graph_23_10,16,PR,0.729025
graph_23_10,16,1-HOP,0.164564
graph_23_10,16,2-HOP,0.387774
graph_23_10,16,Read,0.335718
graph_23_10,16,e,insert,100000,4.09399e+06
graph_23_10,16,e,delete,100000,4.38098e+06
graph_23_20,16,BFS,0.126947
graph_23_20,16,PR,1.02556
graph_23_20,16,1-HOP,0.211494
graph_23_20,16,2-HOP,0.855913
graph_23_20,16,Read,0.867224
graph_23_20,16,e,insert,100000,3.5138e+06
graph_23_20,16,e,delete,100000,3.84589e+06
graph_23_30,16,BFS,0.178913
graph_23_30,16,PR,1.30841
graph_23_30,16,1-HOP,0.275568
graph_23_30,16,2-HOP,1.40806
graph_23_30,16,Read,1.51527
graph_23_30,16,e,insert,100000,3.20022e+06
graph_23_30,16,e,delete,100000,3.47304e+06
graph_23_40,16,BFS,0.186976
graph_23_40,16,PR,1.56059
graph_23_40,16,1-HOP,0.342132
graph_23_40,16,2-HOP,2.03599
graph_23_40,16,Read,2.291
graph_23_40,16,e,insert,100000,3.01057e+06
graph_23_40,16,e,delete,100000,3.24723e+06
graph_23_50,16,BFS,0.200474
graph_23_50,16,PR,1.79846
graph_23_50,16,1-HOP,0.4013
graph_23_50,16,2-HOP,2.70091
graph_23_50,16,Read,3.12192
graph_23_50,16,e,insert,100000,2.79141e+06
graph_23_50,16,e,delete,100000,3.07344e+06
graph_23_60,16,BFS,0.20959
graph_23_60,16,PR,2.02374
graph_23_60,16,1-HOP,0.454906
graph_23_60,16,2-HOP,3.39782
graph_23_60,16,Read,4.03299
graph_23_60,16,e,insert,100000,2.71345e+06
graph_23_60,16,e,delete,100000,2.92574e+06
graph_23_70,16,BFS,0.213536
graph_23_70,16,PR,2.2226
graph_23_70,16,1-HOP,0.513696
graph_23_70,16,2-HOP,4.21643
graph_23_70,16,Read,5.01036
graph_23_70,16,e,insert,100000,2.58988e+06
graph_23_70,16,e,delete,100000,2.83099e+06
uniform-24,1,BFS,7.74545
uniform-24,1,PR,78.0098
uniform-24,1,1-HOP,0.770586
uniform-24,1,2-HOP,34.5166
uniform-24,1,Read,22.673
uniform-24,4,BFS,2.37591
uniform-24,4,PR,24.9957
uniform-24,4,1-HOP,0.474924
uniform-24,4,2-HOP,10.4478
uniform-24,4,Read,6.71248
uniform-24,8,BFS,1.05096
uniform-24,8,PR,12.2011
uniform-24,8,1-HOP,0.484413
uniform-24,8,2-HOP,5.14661
uniform-24,8,Read,3.22068
uniform-24,12,BFS,0.79478
uniform-24,12,PR,9.72246
uniform-24,12,1-HOP,0.48186
uniform-24,12,2-HOP,3.63251
uniform-24,12,Read,2.33668
uniform-24,16,BFS,0.613748
uniform-24,16,PR,9.32969
uniform-24,16,1-HOP,0.474047
uniform-24,16,2-HOP,2.80766
uniform-24,16,Read,1.7982
uniform-24,1,e,insert,100000,337732
uniform-24,1,e,delete,100000,383280
uniform-24,4,e,insert,100000,1.16935e+06
uniform-24,4,e,delete,100000,1.2811e+06
uniform-24,8,e,insert,100000,2.06817e+06
uniform-24,8,e,delete,100000,2.13436e+06
uniform-24,12,e,insert,100000,2.60527e+06
uniform-24,12,e,delete,100000,2.76191e+06
uniform-24,16,e,insert,10000000,1.70734e+07
uniform-24,16,e,delete,10000000,1.77258e+07
orkut,1,BFS,1.03387
orkut,1,PR,18.4121
orkut,1,1-HOP,0.196024
orkut,1,2-HOP,27.6189
orkut,1,Read,12.8664
orkut,4,BFS,0.267134
orkut,4,PR,5.0535
orkut,4,1-HOP,0.110965
orkut,4,2-HOP,7.53691
orkut,4,Read,3.42982
orkut,8,BFS,0.133991
orkut,8,PR,2.53175
orkut,8,1-HOP,0.111779
orkut,8,2-HOP,3.82969
orkut,8,Read,1.70093
orkut,12,BFS,0.110069
orkut,12,PR,2.08171
orkut,12,1-HOP,0.109255
orkut,12,2-HOP,2.95627
orkut,12,Read,1.25107
orkut,16,BFS,0.100756
orkut,16,PR,1.84985
orkut,16,1-HOP,0.113904
orkut,16,2-HOP,2.434
orkut,16,Read,0.926417
orkut,1,e,insert,100000,411269
orkut,1,e,delete,100000,454476
orkut,4,e,insert,100000,1.38271e+06
orkut,4,e,delete,100000,1.57156e+06
orkut,8,e,insert,100000,2.61218e+06
orkut,8,e,delete,100000,2.88064e+06
orkut,12,e,insert,100000,3.24629e+06
orkut,12,e,delete,100000,3.43924e+06
orkut,16,e,insert,10000000,2.78513e+07
orkut,16,e,delete,10000000,2.79995e+07

graph_20_30,16,BFS,0.0396045
graph_20_30,16,PR,0.188537
graph_20_30,16,1-HOP,0.0369945
graph_20_30,16,2-HOP,0.097216
graph_20_30,16,Read,0.087368
graph_20_30,16,e,insert,100000,6.00353e+06
graph_20_30,16,e,delete,100000,6.33646e+06
graph_21_30,16,BFS,0.070111
graph_21_30,16,PR,0.386252
graph_21_30,16,1-HOP,0.0749661
graph_21_30,16,2-HOP,0.245468
graph_21_30,16,Read,0.22214
graph_21_30,16,e,insert,100000,4.56685e+06
graph_21_30,16,e,delete,100000,4.84358e+06
graph_22_30,16,BFS,0.101326
graph_22_30,16,PR,0.823439
graph_22_30,16,1-HOP,0.146738
graph_22_30,16,2-HOP,0.609169
graph_22_30,16,Read,0.568467
graph_22_30,16,e,insert,100000,3.73844e+06
graph_22_30,16,e,delete,100000,4.06568e+06
graph_23_30,16,BFS,0.212852
graph_23_30,16,PR,1.8004
graph_23_30,16,1-HOP,0.30072
graph_23_30,16,2-HOP,1.44237
graph_23_30,16,Read,1.42209
graph_23_30,16,e,insert,100000,3.0764e+06
graph_23_30,16,e,delete,100000,3.28081e+06
graph_24_30,16,BFS,0.437503
graph_24_30,16,PR,3.90328
graph_24_30,16,1-HOP,0.585631
graph_24_30,16,2-HOP,3.49223
graph_24_30,16,Read,3.51624
graph_24_30,16,e,insert,100000,2.53033e+06
graph_24_30,16,e,delete,100000,2.70597e+06
graph_25_30,16,BFS,0.889611
graph_25_30,16,PR,9.41328
graph_25_30,16,1-HOP,1.18385
graph_25_30,16,2-HOP,8.37861
graph_25_30,16,Read,8.58443
graph_25_30,16,e,insert,100000,2.14893e+06
graph_25_30,16,e,delete,100000,2.30462e+06
graph_26_30,16,BFS,1.8793
graph_26_30,16,PR,22.307
graph_26_30,16,1-HOP,2.42431
graph_26_30,16,2-HOP,20.1702
graph_26_30,16,Read,20.9152
graph_26_30,16,e,insert,100000,1.85477e+06
graph_26_30,16,e,delete,100000,1.95921e+06
